{"/workspaces/Rtechwebsite-/server.js": {"path":"/workspaces/Rtechwebsite-/server.js","statementMap":{"0":{"start":{"line":1,"column":16},"end":{"line":1,"column":34}},"1":{"start":{"line":2,"column":13},"end":{"line":2,"column":28}},"2":{"start":{"line":3,"column":15},"end":{"line":3,"column":32}},"3":{"start":{"line":4,"column":18},"end":{"line":4,"column":47}},"4":{"start":{"line":5,"column":20},"end":{"line":5,"column":42}},"5":{"start":{"line":6,"column":15},"end":{"line":6,"column":32}},"6":{"start":{"line":7,"column":12},"end":{"line":7,"column":35}},"7":{"start":{"line":8,"column":17},"end":{"line":8,"column":36}},"8":{"start":{"line":9,"column":15},"end":{"line":9,"column":32}},"9":{"start":{"line":12,"column":0},"end":{"line":12,"column":16}},"10":{"start":{"line":15,"column":31},"end":{"line":15,"column":67}},"11":{"start":{"line":16,"column":37},"end":{"line":16,"column":68}},"12":{"start":{"line":17,"column":25},"end":{"line":17,"column":60}},"13":{"start":{"line":18,"column":27},"end":{"line":18,"column":64}},"14":{"start":{"line":24,"column":4},"end":{"line":24,"column":36}},"15":{"start":{"line":31,"column":4},"end":{"line":31,"column":45}},"16":{"start":{"line":34,"column":11},"end":{"line":34,"column":35}},"17":{"start":{"line":35,"column":14},"end":{"line":35,"column":30}},"18":{"start":{"line":36,"column":21},"end":{"line":36,"column":39}},"19":{"start":{"line":37,"column":16},"end":{"line":37,"column":36}},"20":{"start":{"line":38,"column":15},"end":{"line":38,"column":27}},"21":{"start":{"line":39,"column":16},"end":{"line":39,"column":44}},"22":{"start":{"line":40,"column":22},"end":{"line":40,"column":47}},"23":{"start":{"line":41,"column":21},"end":{"line":41,"column":45}},"24":{"start":{"line":44,"column":0},"end":{"line":44,"column":15}},"25":{"start":{"line":45,"column":0},"end":{"line":45,"column":21}},"26":{"start":{"line":46,"column":0},"end":{"line":46,"column":35}},"27":{"start":{"line":47,"column":0},"end":{"line":47,"column":25}},"28":{"start":{"line":48,"column":0},"end":{"line":48,"column":23}},"29":{"start":{"line":51,"column":12},"end":{"line":51,"column":21}},"30":{"start":{"line":54,"column":15},"end":{"line":56,"column":45}},"31":{"start":{"line":61,"column":2},"end":{"line":145,"column":3}},"32":{"start":{"line":62,"column":4},"end":{"line":62,"column":65}},"33":{"start":{"line":65,"column":4},"end":{"line":73,"column":5}},"34":{"start":{"line":66,"column":6},"end":{"line":66,"column":25}},"35":{"start":{"line":67,"column":6},"end":{"line":67,"column":52}},"36":{"start":{"line":68,"column":6},"end":{"line":68,"column":31}},"37":{"start":{"line":69,"column":6},"end":{"line":69,"column":48}},"38":{"start":{"line":71,"column":6},"end":{"line":71,"column":79}},"39":{"start":{"line":72,"column":6},"end":{"line":72,"column":73}},"40":{"start":{"line":76,"column":4},"end":{"line":82,"column":5}},"41":{"start":{"line":77,"column":6},"end":{"line":77,"column":28}},"42":{"start":{"line":78,"column":6},"end":{"line":78,"column":47}},"43":{"start":{"line":80,"column":6},"end":{"line":80,"column":76}},"44":{"start":{"line":81,"column":6},"end":{"line":81,"column":68}},"45":{"start":{"line":85,"column":4},"end":{"line":91,"column":5}},"46":{"start":{"line":86,"column":6},"end":{"line":86,"column":38}},"47":{"start":{"line":87,"column":6},"end":{"line":87,"column":49}},"48":{"start":{"line":89,"column":6},"end":{"line":89,"column":84}},"49":{"start":{"line":90,"column":6},"end":{"line":90,"column":51}},"50":{"start":{"line":94,"column":4},"end":{"line":100,"column":5}},"51":{"start":{"line":95,"column":6},"end":{"line":95,"column":33}},"52":{"start":{"line":96,"column":6},"end":{"line":96,"column":48}},"53":{"start":{"line":98,"column":6},"end":{"line":98,"column":86}},"54":{"start":{"line":99,"column":6},"end":{"line":99,"column":50}},"55":{"start":{"line":103,"column":4},"end":{"line":108,"column":5}},"56":{"start":{"line":104,"column":6},"end":{"line":104,"column":38}},"57":{"start":{"line":105,"column":6},"end":{"line":105,"column":50}},"58":{"start":{"line":107,"column":6},"end":{"line":107,"column":85}},"59":{"start":{"line":111,"column":4},"end":{"line":117,"column":7}},"60":{"start":{"line":112,"column":6},"end":{"line":116,"column":7}},"61":{"start":{"line":113,"column":8},"end":{"line":113,"column":38}},"62":{"start":{"line":115,"column":8},"end":{"line":115,"column":21}},"63":{"start":{"line":119,"column":4},"end":{"line":125,"column":7}},"64":{"start":{"line":120,"column":6},"end":{"line":124,"column":7}},"65":{"start":{"line":121,"column":8},"end":{"line":121,"column":41}},"66":{"start":{"line":123,"column":8},"end":{"line":123,"column":21}},"67":{"start":{"line":127,"column":4},"end":{"line":133,"column":7}},"68":{"start":{"line":128,"column":6},"end":{"line":132,"column":7}},"69":{"start":{"line":129,"column":8},"end":{"line":129,"column":48}},"70":{"start":{"line":131,"column":8},"end":{"line":131,"column":21}},"71":{"start":{"line":136,"column":4},"end":{"line":136,"column":40}},"72":{"start":{"line":137,"column":4},"end":{"line":137,"column":46}},"73":{"start":{"line":139,"column":4},"end":{"line":139,"column":65}},"74":{"start":{"line":142,"column":4},"end":{"line":142,"column":83}},"75":{"start":{"line":143,"column":4},"end":{"line":143,"column":76}},"76":{"start":{"line":151,"column":0},"end":{"line":151,"column":26}},"77":{"start":{"line":154,"column":0},"end":{"line":154,"column":25}},"78":{"start":{"line":157,"column":0},"end":{"line":157,"column":53}},"79":{"start":{"line":160,"column":0},"end":{"line":160,"column":40}},"80":{"start":{"line":161,"column":0},"end":{"line":161,"column":23}},"81":{"start":{"line":164,"column":0},"end":{"line":164,"column":31}},"82":{"start":{"line":167,"column":23},"end":{"line":173,"column":2}},"83":{"start":{"line":175,"column":20},"end":{"line":180,"column":2}},"84":{"start":{"line":182,"column":0},"end":{"line":182,"column":33}},"85":{"start":{"line":183,"column":0},"end":{"line":183,"column":40}},"86":{"start":{"line":184,"column":0},"end":{"line":184,"column":41}},"87":{"start":{"line":187,"column":0},"end":{"line":187,"column":41}},"88":{"start":{"line":188,"column":0},"end":{"line":188,"column":63}},"89":{"start":{"line":191,"column":15},"end":{"line":191,"column":58}},"90":{"start":{"line":194,"column":0},"end":{"line":194,"column":34}},"91":{"start":{"line":197,"column":12},"end":{"line":197,"column":14}},"92":{"start":{"line":198,"column":12},"end":{"line":198,"column":14}},"93":{"start":{"line":199,"column":13},"end":{"line":199,"column":15}},"94":{"start":{"line":200,"column":14},"end":{"line":200,"column":16}},"95":{"start":{"line":201,"column":19},"end":{"line":201,"column":21}},"96":{"start":{"line":202,"column":18},"end":{"line":202,"column":20}},"97":{"start":{"line":203,"column":18},"end":{"line":203,"column":20}},"98":{"start":{"line":204,"column":20},"end":{"line":204,"column":22}},"99":{"start":{"line":205,"column":22},"end":{"line":205,"column":24}},"100":{"start":{"line":211,"column":2},"end":{"line":215,"column":4}},"101":{"start":{"line":220,"column":2},"end":{"line":220,"column":72}},"102":{"start":{"line":225,"column":15},"end":{"line":225,"column":41}},"103":{"start":{"line":226,"column":2},"end":{"line":226,"column":45}},"104":{"start":{"line":231,"column":2},"end":{"line":231,"column":48}},"105":{"start":{"line":238,"column":16},"end":{"line":238,"column":56}},"106":{"start":{"line":240,"column":2},"end":{"line":245,"column":3}},"107":{"start":{"line":241,"column":4},"end":{"line":244,"column":7}},"108":{"start":{"line":247,"column":2},"end":{"line":256,"column":3}},"109":{"start":{"line":248,"column":20},"end":{"line":248,"column":56}},"110":{"start":{"line":249,"column":4},"end":{"line":249,"column":23}},"111":{"start":{"line":250,"column":4},"end":{"line":250,"column":11}},"112":{"start":{"line":252,"column":4},"end":{"line":255,"column":7}},"113":{"start":{"line":261,"column":2},"end":{"line":268,"column":3}},"114":{"start":{"line":262,"column":4},"end":{"line":262,"column":11}},"115":{"start":{"line":264,"column":4},"end":{"line":267,"column":7}},"116":{"start":{"line":275,"column":2},"end":{"line":285,"column":4}},"117":{"start":{"line":276,"column":29},"end":{"line":276,"column":54}},"118":{"start":{"line":277,"column":4},"end":{"line":282,"column":5}},"119":{"start":{"line":278,"column":6},"end":{"line":281,"column":9}},"120":{"start":{"line":283,"column":4},"end":{"line":283,"column":30}},"121":{"start":{"line":284,"column":4},"end":{"line":284,"column":11}},"122":{"start":{"line":289,"column":0},"end":{"line":296,"column":3}},"123":{"start":{"line":290,"column":2},"end":{"line":290,"column":31}},"124":{"start":{"line":291,"column":2},"end":{"line":295,"column":5}},"125":{"start":{"line":301,"column":0},"end":{"line":358,"column":3}},"126":{"start":{"line":302,"column":2},"end":{"line":357,"column":3}},"127":{"start":{"line":303,"column":46},"end":{"line":303,"column":54}},"128":{"start":{"line":306,"column":4},"end":{"line":311,"column":5}},"129":{"start":{"line":307,"column":6},"end":{"line":310,"column":9}},"130":{"start":{"line":314,"column":4},"end":{"line":319,"column":5}},"131":{"start":{"line":314,"column":24},"end":{"line":314,"column":41}},"132":{"start":{"line":315,"column":6},"end":{"line":318,"column":9}},"133":{"start":{"line":322,"column":27},"end":{"line":322,"column":55}},"134":{"start":{"line":325,"column":20},"end":{"line":334,"column":5}},"135":{"start":{"line":336,"column":4},"end":{"line":336,"column":24}},"136":{"start":{"line":339,"column":18},"end":{"line":339,"column":40}},"137":{"start":{"line":341,"column":4},"end":{"line":351,"column":7}},"138":{"start":{"line":353,"column":4},"end":{"line":356,"column":7}},"139":{"start":{"line":361,"column":0},"end":{"line":411,"column":3}},"140":{"start":{"line":362,"column":2},"end":{"line":410,"column":3}},"141":{"start":{"line":363,"column":32},"end":{"line":363,"column":40}},"142":{"start":{"line":366,"column":4},"end":{"line":371,"column":5}},"143":{"start":{"line":367,"column":6},"end":{"line":370,"column":9}},"144":{"start":{"line":374,"column":17},"end":{"line":374,"column":51}},"145":{"start":{"line":374,"column":33},"end":{"line":374,"column":50}},"146":{"start":{"line":375,"column":4},"end":{"line":380,"column":5}},"147":{"start":{"line":376,"column":6},"end":{"line":379,"column":9}},"148":{"start":{"line":383,"column":28},"end":{"line":383,"column":73}},"149":{"start":{"line":384,"column":4},"end":{"line":389,"column":5}},"150":{"start":{"line":385,"column":6},"end":{"line":388,"column":9}},"151":{"start":{"line":392,"column":18},"end":{"line":392,"column":37}},"152":{"start":{"line":394,"column":4},"end":{"line":404,"column":7}},"153":{"start":{"line":406,"column":4},"end":{"line":409,"column":7}},"154":{"start":{"line":414,"column":0},"end":{"line":446,"column":3}},"155":{"start":{"line":415,"column":2},"end":{"line":445,"column":3}},"156":{"start":{"line":416,"column":35},"end":{"line":416,"column":43}},"157":{"start":{"line":419,"column":4},"end":{"line":434,"column":5}},"158":{"start":{"line":420,"column":24},"end":{"line":424,"column":7}},"159":{"start":{"line":426,"column":20},"end":{"line":426,"column":44}},"160":{"start":{"line":428,"column":6},"end":{"line":433,"column":9}},"161":{"start":{"line":436,"column":4},"end":{"line":439,"column":7}},"162":{"start":{"line":441,"column":4},"end":{"line":444,"column":7}},"163":{"start":{"line":449,"column":0},"end":{"line":480,"column":3}},"164":{"start":{"line":450,"column":2},"end":{"line":479,"column":3}},"165":{"start":{"line":451,"column":30},"end":{"line":451,"column":38}},"166":{"start":{"line":453,"column":4},"end":{"line":458,"column":5}},"167":{"start":{"line":454,"column":6},"end":{"line":457,"column":9}},"168":{"start":{"line":461,"column":16},"end":{"line":461,"column":59}},"169":{"start":{"line":464,"column":4},"end":{"line":473,"column":7}},"170":{"start":{"line":475,"column":4},"end":{"line":478,"column":7}},"171":{"start":{"line":483,"column":0},"end":{"line":512,"column":3}},"172":{"start":{"line":484,"column":2},"end":{"line":511,"column":3}},"173":{"start":{"line":485,"column":20},"end":{"line":485,"column":28}},"174":{"start":{"line":487,"column":4},"end":{"line":492,"column":5}},"175":{"start":{"line":488,"column":6},"end":{"line":491,"column":9}},"176":{"start":{"line":495,"column":4},"end":{"line":505,"column":5}},"177":{"start":{"line":496,"column":6},"end":{"line":499,"column":9}},"178":{"start":{"line":501,"column":6},"end":{"line":504,"column":9}},"179":{"start":{"line":507,"column":4},"end":{"line":510,"column":7}},"180":{"start":{"line":517,"column":0},"end":{"line":541,"column":3}},"181":{"start":{"line":518,"column":2},"end":{"line":540,"column":3}},"182":{"start":{"line":519,"column":17},"end":{"line":519,"column":56}},"183":{"start":{"line":519,"column":33},"end":{"line":519,"column":55}},"184":{"start":{"line":521,"column":4},"end":{"line":526,"column":5}},"185":{"start":{"line":522,"column":6},"end":{"line":525,"column":9}},"186":{"start":{"line":529,"column":49},"end":{"line":529,"column":53}},"187":{"start":{"line":531,"column":4},"end":{"line":534,"column":7}},"188":{"start":{"line":536,"column":4},"end":{"line":539,"column":7}},"189":{"start":{"line":544,"column":0},"end":{"line":583,"column":3}},"190":{"start":{"line":545,"column":2},"end":{"line":582,"column":3}},"191":{"start":{"line":546,"column":34},"end":{"line":546,"column":42}},"192":{"start":{"line":547,"column":22},"end":{"line":547,"column":66}},"193":{"start":{"line":547,"column":43},"end":{"line":547,"column":65}},"194":{"start":{"line":549,"column":4},"end":{"line":554,"column":5}},"195":{"start":{"line":550,"column":6},"end":{"line":553,"column":9}},"196":{"start":{"line":557,"column":4},"end":{"line":562,"column":5}},"197":{"start":{"line":558,"column":6},"end":{"line":561,"column":9}},"198":{"start":{"line":565,"column":4},"end":{"line":565,"column":43}},"199":{"start":{"line":565,"column":14},"end":{"line":565,"column":43}},"200":{"start":{"line":566,"column":4},"end":{"line":566,"column":49}},"201":{"start":{"line":566,"column":16},"end":{"line":566,"column":49}},"202":{"start":{"line":567,"column":4},"end":{"line":567,"column":40}},"203":{"start":{"line":567,"column":13},"end":{"line":567,"column":40}},"204":{"start":{"line":568,"column":4},"end":{"line":568,"column":44}},"205":{"start":{"line":570,"column":49},"end":{"line":570,"column":65}},"206":{"start":{"line":572,"column":4},"end":{"line":576,"column":7}},"207":{"start":{"line":578,"column":4},"end":{"line":581,"column":7}},"208":{"start":{"line":586,"column":0},"end":{"line":604,"column":3}},"209":{"start":{"line":587,"column":2},"end":{"line":603,"column":3}},"210":{"start":{"line":588,"column":33},"end":{"line":591,"column":6}},"211":{"start":{"line":589,"column":51},"end":{"line":589,"column":52}},"212":{"start":{"line":590,"column":6},"end":{"line":590,"column":33}},"213":{"start":{"line":593,"column":4},"end":{"line":597,"column":7}},"214":{"start":{"line":599,"column":4},"end":{"line":602,"column":7}},"215":{"start":{"line":609,"column":0},"end":{"line":647,"column":3}},"216":{"start":{"line":610,"column":2},"end":{"line":646,"column":3}},"217":{"start":{"line":611,"column":47},"end":{"line":611,"column":55}},"218":{"start":{"line":613,"column":4},"end":{"line":618,"column":5}},"219":{"start":{"line":614,"column":6},"end":{"line":617,"column":9}},"220":{"start":{"line":620,"column":20},"end":{"line":632,"column":5}},"221":{"start":{"line":627,"column":34},"end":{"line":627,"column":54}},"222":{"start":{"line":634,"column":4},"end":{"line":634,"column":27}},"223":{"start":{"line":636,"column":4},"end":{"line":640,"column":7}},"224":{"start":{"line":642,"column":4},"end":{"line":645,"column":7}},"225":{"start":{"line":650,"column":0},"end":{"line":674,"column":3}},"226":{"start":{"line":651,"column":2},"end":{"line":673,"column":3}},"227":{"start":{"line":652,"column":17},"end":{"line":652,"column":46}},"228":{"start":{"line":653,"column":18},"end":{"line":653,"column":49}},"229":{"start":{"line":654,"column":17},"end":{"line":654,"column":35}},"230":{"start":{"line":656,"column":22},"end":{"line":656,"column":53}},"231":{"start":{"line":658,"column":4},"end":{"line":667,"column":7}},"232":{"start":{"line":669,"column":4},"end":{"line":672,"column":7}},"233":{"start":{"line":677,"column":0},"end":{"line":698,"column":3}},"234":{"start":{"line":678,"column":2},"end":{"line":697,"column":3}},"235":{"start":{"line":679,"column":17},"end":{"line":679,"column":56}},"236":{"start":{"line":679,"column":33},"end":{"line":679,"column":55}},"237":{"start":{"line":681,"column":4},"end":{"line":686,"column":5}},"238":{"start":{"line":682,"column":6},"end":{"line":685,"column":9}},"239":{"start":{"line":688,"column":4},"end":{"line":691,"column":7}},"240":{"start":{"line":693,"column":4},"end":{"line":696,"column":7}},"241":{"start":{"line":701,"column":0},"end":{"line":738,"column":3}},"242":{"start":{"line":702,"column":2},"end":{"line":737,"column":3}},"243":{"start":{"line":703,"column":47},"end":{"line":703,"column":55}},"244":{"start":{"line":704,"column":22},"end":{"line":704,"column":66}},"245":{"start":{"line":704,"column":43},"end":{"line":704,"column":65}},"246":{"start":{"line":706,"column":4},"end":{"line":711,"column":5}},"247":{"start":{"line":707,"column":6},"end":{"line":710,"column":9}},"248":{"start":{"line":714,"column":4},"end":{"line":719,"column":5}},"249":{"start":{"line":715,"column":6},"end":{"line":718,"column":9}},"250":{"start":{"line":721,"column":4},"end":{"line":721,"column":46}},"251":{"start":{"line":721,"column":15},"end":{"line":721,"column":46}},"252":{"start":{"line":722,"column":4},"end":{"line":722,"column":52}},"253":{"start":{"line":722,"column":17},"end":{"line":722,"column":52}},"254":{"start":{"line":723,"column":4},"end":{"line":723,"column":55}},"255":{"start":{"line":723,"column":18},"end":{"line":723,"column":55}},"256":{"start":{"line":724,"column":4},"end":{"line":724,"column":43}},"257":{"start":{"line":724,"column":14},"end":{"line":724,"column":43}},"258":{"start":{"line":725,"column":4},"end":{"line":725,"column":44}},"259":{"start":{"line":727,"column":4},"end":{"line":731,"column":7}},"260":{"start":{"line":733,"column":4},"end":{"line":736,"column":7}},"261":{"start":{"line":741,"column":0},"end":{"line":773,"column":3}},"262":{"start":{"line":742,"column":2},"end":{"line":772,"column":3}},"263":{"start":{"line":743,"column":22},"end":{"line":743,"column":66}},"264":{"start":{"line":743,"column":43},"end":{"line":743,"column":65}},"265":{"start":{"line":745,"column":4},"end":{"line":750,"column":5}},"266":{"start":{"line":746,"column":6},"end":{"line":749,"column":9}},"267":{"start":{"line":753,"column":4},"end":{"line":758,"column":5}},"268":{"start":{"line":754,"column":6},"end":{"line":757,"column":9}},"269":{"start":{"line":760,"column":24},"end":{"line":760,"column":50}},"270":{"start":{"line":762,"column":4},"end":{"line":766,"column":7}},"271":{"start":{"line":768,"column":4},"end":{"line":771,"column":7}},"272":{"start":{"line":776,"column":0},"end":{"line":800,"column":3}},"273":{"start":{"line":777,"column":2},"end":{"line":799,"column":3}},"274":{"start":{"line":778,"column":17},"end":{"line":778,"column":56}},"275":{"start":{"line":778,"column":33},"end":{"line":778,"column":55}},"276":{"start":{"line":780,"column":4},"end":{"line":785,"column":5}},"277":{"start":{"line":781,"column":6},"end":{"line":784,"column":9}},"278":{"start":{"line":787,"column":4},"end":{"line":787,"column":39}},"279":{"start":{"line":789,"column":4},"end":{"line":793,"column":7}},"280":{"start":{"line":795,"column":4},"end":{"line":798,"column":7}},"281":{"start":{"line":803,"column":0},"end":{"line":837,"column":3}},"282":{"start":{"line":804,"column":2},"end":{"line":836,"column":3}},"283":{"start":{"line":805,"column":21},"end":{"line":805,"column":29}},"284":{"start":{"line":806,"column":17},"end":{"line":806,"column":56}},"285":{"start":{"line":806,"column":33},"end":{"line":806,"column":55}},"286":{"start":{"line":808,"column":4},"end":{"line":813,"column":5}},"287":{"start":{"line":809,"column":6},"end":{"line":812,"column":9}},"288":{"start":{"line":815,"column":20},"end":{"line":821,"column":5}},"289":{"start":{"line":818,"column":32},"end":{"line":818,"column":52}},"290":{"start":{"line":823,"column":4},"end":{"line":823,"column":40}},"291":{"start":{"line":824,"column":4},"end":{"line":824,"column":32}},"292":{"start":{"line":826,"column":4},"end":{"line":830,"column":7}},"293":{"start":{"line":832,"column":4},"end":{"line":835,"column":7}},"294":{"start":{"line":842,"column":0},"end":{"line":881,"column":3}},"295":{"start":{"line":843,"column":2},"end":{"line":880,"column":3}},"296":{"start":{"line":844,"column":61},"end":{"line":844,"column":69}},"297":{"start":{"line":846,"column":4},"end":{"line":851,"column":5}},"298":{"start":{"line":847,"column":6},"end":{"line":850,"column":9}},"299":{"start":{"line":853,"column":21},"end":{"line":866,"column":5}},"300":{"start":{"line":861,"column":36},"end":{"line":861,"column":56}},"301":{"start":{"line":868,"column":4},"end":{"line":868,"column":29}},"302":{"start":{"line":870,"column":4},"end":{"line":874,"column":7}},"303":{"start":{"line":876,"column":4},"end":{"line":879,"column":7}},"304":{"start":{"line":884,"column":0},"end":{"line":908,"column":3}},"305":{"start":{"line":885,"column":2},"end":{"line":907,"column":3}},"306":{"start":{"line":886,"column":17},"end":{"line":886,"column":46}},"307":{"start":{"line":887,"column":18},"end":{"line":887,"column":49}},"308":{"start":{"line":888,"column":17},"end":{"line":888,"column":35}},"309":{"start":{"line":890,"column":22},"end":{"line":890,"column":54}},"310":{"start":{"line":892,"column":4},"end":{"line":901,"column":7}},"311":{"start":{"line":903,"column":4},"end":{"line":906,"column":7}},"312":{"start":{"line":911,"column":0},"end":{"line":935,"column":3}},"313":{"start":{"line":912,"column":2},"end":{"line":934,"column":3}},"314":{"start":{"line":913,"column":18},"end":{"line":913,"column":58}},"315":{"start":{"line":913,"column":35},"end":{"line":913,"column":57}},"316":{"start":{"line":915,"column":4},"end":{"line":920,"column":5}},"317":{"start":{"line":916,"column":6},"end":{"line":919,"column":9}},"318":{"start":{"line":923,"column":4},"end":{"line":923,"column":41}},"319":{"start":{"line":925,"column":4},"end":{"line":928,"column":7}},"320":{"start":{"line":930,"column":4},"end":{"line":933,"column":7}},"321":{"start":{"line":938,"column":0},"end":{"line":974,"column":3}},"322":{"start":{"line":939,"column":2},"end":{"line":973,"column":3}},"323":{"start":{"line":940,"column":45},"end":{"line":940,"column":53}},"324":{"start":{"line":941,"column":23},"end":{"line":941,"column":68}},"325":{"start":{"line":941,"column":45},"end":{"line":941,"column":67}},"326":{"start":{"line":943,"column":4},"end":{"line":948,"column":5}},"327":{"start":{"line":944,"column":6},"end":{"line":947,"column":9}},"328":{"start":{"line":951,"column":4},"end":{"line":956,"column":5}},"329":{"start":{"line":952,"column":6},"end":{"line":955,"column":9}},"330":{"start":{"line":958,"column":4},"end":{"line":958,"column":48}},"331":{"start":{"line":958,"column":15},"end":{"line":958,"column":48}},"332":{"start":{"line":959,"column":4},"end":{"line":959,"column":66}},"333":{"start":{"line":959,"column":21},"end":{"line":959,"column":66}},"334":{"start":{"line":960,"column":4},"end":{"line":960,"column":57}},"335":{"start":{"line":960,"column":18},"end":{"line":960,"column":57}},"336":{"start":{"line":961,"column":4},"end":{"line":961,"column":46}},"337":{"start":{"line":963,"column":4},"end":{"line":967,"column":7}},"338":{"start":{"line":969,"column":4},"end":{"line":972,"column":7}},"339":{"start":{"line":977,"column":0},"end":{"line":1009,"column":3}},"340":{"start":{"line":978,"column":2},"end":{"line":1008,"column":3}},"341":{"start":{"line":979,"column":23},"end":{"line":979,"column":68}},"342":{"start":{"line":979,"column":45},"end":{"line":979,"column":67}},"343":{"start":{"line":981,"column":4},"end":{"line":986,"column":5}},"344":{"start":{"line":982,"column":6},"end":{"line":985,"column":9}},"345":{"start":{"line":989,"column":4},"end":{"line":994,"column":5}},"346":{"start":{"line":990,"column":6},"end":{"line":993,"column":9}},"347":{"start":{"line":996,"column":25},"end":{"line":996,"column":53}},"348":{"start":{"line":998,"column":4},"end":{"line":1002,"column":7}},"349":{"start":{"line":1004,"column":4},"end":{"line":1007,"column":7}},"350":{"start":{"line":1014,"column":0},"end":{"line":1053,"column":3}},"351":{"start":{"line":1015,"column":2},"end":{"line":1052,"column":3}},"352":{"start":{"line":1016,"column":81},"end":{"line":1016,"column":89}},"353":{"start":{"line":1018,"column":4},"end":{"line":1023,"column":5}},"354":{"start":{"line":1019,"column":6},"end":{"line":1022,"column":9}},"355":{"start":{"line":1025,"column":22},"end":{"line":1038,"column":5}},"356":{"start":{"line":1040,"column":4},"end":{"line":1040,"column":31}},"357":{"start":{"line":1042,"column":4},"end":{"line":1046,"column":7}},"358":{"start":{"line":1048,"column":4},"end":{"line":1051,"column":7}},"359":{"start":{"line":1056,"column":0},"end":{"line":1080,"column":3}},"360":{"start":{"line":1057,"column":2},"end":{"line":1079,"column":3}},"361":{"start":{"line":1058,"column":17},"end":{"line":1058,"column":46}},"362":{"start":{"line":1059,"column":18},"end":{"line":1059,"column":49}},"363":{"start":{"line":1060,"column":17},"end":{"line":1060,"column":35}},"364":{"start":{"line":1062,"column":22},"end":{"line":1062,"column":55}},"365":{"start":{"line":1064,"column":4},"end":{"line":1073,"column":7}},"366":{"start":{"line":1075,"column":4},"end":{"line":1078,"column":7}},"367":{"start":{"line":1083,"column":0},"end":{"line":1104,"column":3}},"368":{"start":{"line":1084,"column":2},"end":{"line":1103,"column":3}},"369":{"start":{"line":1085,"column":19},"end":{"line":1085,"column":60}},"370":{"start":{"line":1085,"column":37},"end":{"line":1085,"column":59}},"371":{"start":{"line":1087,"column":4},"end":{"line":1092,"column":5}},"372":{"start":{"line":1088,"column":6},"end":{"line":1091,"column":9}},"373":{"start":{"line":1094,"column":4},"end":{"line":1097,"column":7}},"374":{"start":{"line":1099,"column":4},"end":{"line":1102,"column":7}},"375":{"start":{"line":1107,"column":0},"end":{"line":1138,"column":3}},"376":{"start":{"line":1108,"column":2},"end":{"line":1137,"column":3}},"377":{"start":{"line":1109,"column":69},"end":{"line":1109,"column":77}},"378":{"start":{"line":1110,"column":24},"end":{"line":1110,"column":70}},"379":{"start":{"line":1110,"column":47},"end":{"line":1110,"column":69}},"380":{"start":{"line":1112,"column":4},"end":{"line":1117,"column":5}},"381":{"start":{"line":1113,"column":6},"end":{"line":1116,"column":9}},"382":{"start":{"line":1119,"column":4},"end":{"line":1119,"column":50}},"383":{"start":{"line":1119,"column":15},"end":{"line":1119,"column":50}},"384":{"start":{"line":1120,"column":4},"end":{"line":1120,"column":68}},"385":{"start":{"line":1120,"column":21},"end":{"line":1120,"column":68}},"386":{"start":{"line":1121,"column":4},"end":{"line":1121,"column":50}},"387":{"start":{"line":1121,"column":15},"end":{"line":1121,"column":50}},"388":{"start":{"line":1122,"column":4},"end":{"line":1122,"column":59}},"389":{"start":{"line":1122,"column":18},"end":{"line":1122,"column":59}},"390":{"start":{"line":1123,"column":4},"end":{"line":1123,"column":50}},"391":{"start":{"line":1123,"column":15},"end":{"line":1123,"column":50}},"392":{"start":{"line":1124,"column":4},"end":{"line":1124,"column":59}},"393":{"start":{"line":1124,"column":18},"end":{"line":1124,"column":59}},"394":{"start":{"line":1125,"column":4},"end":{"line":1125,"column":48}},"395":{"start":{"line":1127,"column":4},"end":{"line":1131,"column":7}},"396":{"start":{"line":1133,"column":4},"end":{"line":1136,"column":7}},"397":{"start":{"line":1141,"column":0},"end":{"line":1165,"column":3}},"398":{"start":{"line":1142,"column":2},"end":{"line":1164,"column":3}},"399":{"start":{"line":1143,"column":24},"end":{"line":1143,"column":70}},"400":{"start":{"line":1143,"column":47},"end":{"line":1143,"column":69}},"401":{"start":{"line":1145,"column":4},"end":{"line":1150,"column":5}},"402":{"start":{"line":1146,"column":6},"end":{"line":1149,"column":9}},"403":{"start":{"line":1152,"column":26},"end":{"line":1152,"column":56}},"404":{"start":{"line":1154,"column":4},"end":{"line":1158,"column":7}},"405":{"start":{"line":1160,"column":4},"end":{"line":1163,"column":7}},"406":{"start":{"line":1168,"column":0},"end":{"line":1202,"column":3}},"407":{"start":{"line":1169,"column":2},"end":{"line":1201,"column":3}},"408":{"start":{"line":1170,"column":19},"end":{"line":1170,"column":60}},"409":{"start":{"line":1170,"column":37},"end":{"line":1170,"column":59}},"410":{"start":{"line":1172,"column":4},"end":{"line":1177,"column":5}},"411":{"start":{"line":1173,"column":6},"end":{"line":1176,"column":9}},"412":{"start":{"line":1179,"column":23},"end":{"line":1186,"column":5}},"413":{"start":{"line":1188,"column":4},"end":{"line":1188,"column":33}},"414":{"start":{"line":1189,"column":4},"end":{"line":1189,"column":55}},"415":{"start":{"line":1191,"column":4},"end":{"line":1195,"column":7}},"416":{"start":{"line":1197,"column":4},"end":{"line":1200,"column":7}},"417":{"start":{"line":1207,"column":0},"end":{"line":1243,"column":3}},"418":{"start":{"line":1208,"column":2},"end":{"line":1242,"column":3}},"419":{"start":{"line":1209,"column":57},"end":{"line":1209,"column":65}},"420":{"start":{"line":1211,"column":4},"end":{"line":1216,"column":5}},"421":{"start":{"line":1212,"column":6},"end":{"line":1215,"column":9}},"422":{"start":{"line":1219,"column":24},"end":{"line":1228,"column":5}},"423":{"start":{"line":1230,"column":4},"end":{"line":1230,"column":35}},"424":{"start":{"line":1232,"column":4},"end":{"line":1236,"column":7}},"425":{"start":{"line":1238,"column":4},"end":{"line":1241,"column":7}},"426":{"start":{"line":1246,"column":0},"end":{"line":1259,"column":3}},"427":{"start":{"line":1247,"column":2},"end":{"line":1258,"column":3}},"428":{"start":{"line":1248,"column":4},"end":{"line":1252,"column":7}},"429":{"start":{"line":1254,"column":4},"end":{"line":1257,"column":7}},"430":{"start":{"line":1264,"column":0},"end":{"line":1287,"column":3}},"431":{"start":{"line":1265,"column":2},"end":{"line":1286,"column":3}},"432":{"start":{"line":1266,"column":25},"end":{"line":1266,"column":75}},"433":{"start":{"line":1266,"column":57},"end":{"line":1266,"column":71}},"434":{"start":{"line":1268,"column":4},"end":{"line":1280,"column":7}},"435":{"start":{"line":1282,"column":4},"end":{"line":1285,"column":7}},"436":{"start":{"line":1290,"column":0},"end":{"line":1313,"column":3}},"437":{"start":{"line":1291,"column":2},"end":{"line":1312,"column":3}},"438":{"start":{"line":1292,"column":54},"end":{"line":1292,"column":62}},"439":{"start":{"line":1294,"column":4},"end":{"line":1300,"column":6}},"440":{"start":{"line":1302,"column":4},"end":{"line":1306,"column":7}},"441":{"start":{"line":1308,"column":4},"end":{"line":1311,"column":7}},"442":{"start":{"line":1316,"column":0},"end":{"line":1328,"column":3}},"443":{"start":{"line":1317,"column":2},"end":{"line":1327,"column":3}},"444":{"start":{"line":1318,"column":4},"end":{"line":1321,"column":7}},"445":{"start":{"line":1323,"column":4},"end":{"line":1326,"column":7}},"446":{"start":{"line":1333,"column":0},"end":{"line":1354,"column":3}},"447":{"start":{"line":1334,"column":2},"end":{"line":1353,"column":3}},"448":{"start":{"line":1335,"column":25},"end":{"line":1335,"column":60}},"449":{"start":{"line":1336,"column":19},"end":{"line":1336,"column":35}},"450":{"start":{"line":1338,"column":4},"end":{"line":1345,"column":7}},"451":{"start":{"line":1347,"column":4},"end":{"line":1352,"column":7}},"452":{"start":{"line":1357,"column":0},"end":{"line":1372,"column":3}},"453":{"start":{"line":1358,"column":2},"end":{"line":1371,"column":3}},"454":{"start":{"line":1359,"column":24},"end":{"line":1359,"column":44}},"455":{"start":{"line":1360,"column":4},"end":{"line":1364,"column":7}},"456":{"start":{"line":1366,"column":4},"end":{"line":1370,"column":7}},"457":{"start":{"line":1375,"column":0},"end":{"line":1415,"column":3}},"458":{"start":{"line":1376,"column":2},"end":{"line":1414,"column":3}},"459":{"start":{"line":1377,"column":4},"end":{"line":1382,"column":5}},"460":{"start":{"line":1378,"column":6},"end":{"line":1381,"column":9}},"461":{"start":{"line":1385,"column":23},"end":{"line":1385,"column":62}},"462":{"start":{"line":1386,"column":4},"end":{"line":1391,"column":5}},"463":{"start":{"line":1387,"column":6},"end":{"line":1390,"column":9}},"464":{"start":{"line":1394,"column":19},"end":{"line":1396,"column":6}},"465":{"start":{"line":1398,"column":4},"end":{"line":1406,"column":7}},"466":{"start":{"line":1408,"column":4},"end":{"line":1408,"column":66}},"467":{"start":{"line":1409,"column":4},"end":{"line":1413,"column":7}},"468":{"start":{"line":1418,"column":0},"end":{"line":1442,"column":3}},"469":{"start":{"line":1419,"column":2},"end":{"line":1441,"column":3}},"470":{"start":{"line":1420,"column":36},"end":{"line":1420,"column":44}},"471":{"start":{"line":1422,"column":27},"end":{"line":1428,"column":5}},"472":{"start":{"line":1430,"column":4},"end":{"line":1430,"column":41}},"473":{"start":{"line":1432,"column":4},"end":{"line":1435,"column":7}},"474":{"start":{"line":1437,"column":4},"end":{"line":1440,"column":7}},"475":{"start":{"line":1445,"column":0},"end":{"line":1458,"column":3}},"476":{"start":{"line":1446,"column":2},"end":{"line":1457,"column":3}},"477":{"start":{"line":1447,"column":4},"end":{"line":1451,"column":7}},"478":{"start":{"line":1453,"column":4},"end":{"line":1456,"column":7}},"479":{"start":{"line":1462,"column":0},"end":{"line":1468,"column":3}},"480":{"start":{"line":1463,"column":2},"end":{"line":1467,"column":5}},"481":{"start":{"line":1472,"column":13},"end":{"line":1472,"column":51}},"482":{"start":{"line":1476,"column":2},"end":{"line":1476,"column":35}},"483":{"start":{"line":1479,"column":2},"end":{"line":1517,"column":3}},"484":{"start":{"line":1480,"column":4},"end":{"line":1514,"column":5}},"485":{"start":{"line":1481,"column":24},"end":{"line":1481,"column":39}},"486":{"start":{"line":1482,"column":26},"end":{"line":1482,"column":58}},"487":{"start":{"line":1483,"column":6},"end":{"line":1510,"column":9}},"488":{"start":{"line":1484,"column":8},"end":{"line":1509,"column":11}},"489":{"start":{"line":1512,"column":6},"end":{"line":1512,"column":90}},"490":{"start":{"line":1513,"column":6},"end":{"line":1513,"column":24}},"491":{"start":{"line":1516,"column":4},"end":{"line":1516,"column":22}},"492":{"start":{"line":1521,"column":2},"end":{"line":1548,"column":5}},"493":{"start":{"line":1522,"column":4},"end":{"line":1547,"column":7}},"494":{"start":{"line":1552,"column":0},"end":{"line":1556,"column":3}},"495":{"start":{"line":1553,"column":2},"end":{"line":1553,"column":66}},"496":{"start":{"line":1554,"column":2},"end":{"line":1554,"column":59}},"497":{"start":{"line":1555,"column":2},"end":{"line":1555,"column":18}},"498":{"start":{"line":1558,"column":0},"end":{"line":1558,"column":21}}},"fnMap":{"0":{"name":"initializeInfrastructure","decl":{"start":{"line":60,"column":15},"end":{"line":60,"column":39}},"loc":{"start":{"line":60,"column":42},"end":{"line":146,"column":1}},"line":60},"1":{"name":"(anonymous_1)","decl":{"start":{"line":111,"column":44},"end":{"line":111,"column":45}},"loc":{"start":{"line":111,"column":56},"end":{"line":117,"column":5}},"line":111},"2":{"name":"(anonymous_2)","decl":{"start":{"line":119,"column":41},"end":{"line":119,"column":42}},"loc":{"start":{"line":119,"column":53},"end":{"line":125,"column":5}},"line":119},"3":{"name":"(anonymous_3)","decl":{"start":{"line":127,"column":41},"end":{"line":127,"column":42}},"loc":{"start":{"line":127,"column":53},"end":{"line":133,"column":5}},"line":127},"4":{"name":"generateToken","decl":{"start":{"line":210,"column":9},"end":{"line":210,"column":22}},"loc":{"start":{"line":210,"column":29},"end":{"line":216,"column":1}},"line":210},"5":{"name":"generateId","decl":{"start":{"line":219,"column":9},"end":{"line":219,"column":19}},"loc":{"start":{"line":219,"column":22},"end":{"line":221,"column":1}},"line":219},"6":{"name":"hashPassword","decl":{"start":{"line":224,"column":15},"end":{"line":224,"column":27}},"loc":{"start":{"line":224,"column":38},"end":{"line":227,"column":1}},"line":224},"7":{"name":"verifyPassword","decl":{"start":{"line":230,"column":15},"end":{"line":230,"column":29}},"loc":{"start":{"line":230,"column":46},"end":{"line":232,"column":1}},"line":230},"8":{"name":"verifyToken","decl":{"start":{"line":237,"column":9},"end":{"line":237,"column":20}},"loc":{"start":{"line":237,"column":37},"end":{"line":257,"column":1}},"line":237},"9":{"name":"verifyAdmin","decl":{"start":{"line":260,"column":9},"end":{"line":260,"column":20}},"loc":{"start":{"line":260,"column":37},"end":{"line":269,"column":1}},"line":260},"10":{"name":"validateRequest","decl":{"start":{"line":274,"column":9},"end":{"line":274,"column":24}},"loc":{"start":{"line":274,"column":33},"end":{"line":286,"column":1}},"line":274},"11":{"name":"(anonymous_11)","decl":{"start":{"line":275,"column":9},"end":{"line":275,"column":10}},"loc":{"start":{"line":275,"column":29},"end":{"line":285,"column":3}},"line":275},"12":{"name":"(anonymous_12)","decl":{"start":{"line":289,"column":8},"end":{"line":289,"column":9}},"loc":{"start":{"line":289,"column":33},"end":{"line":296,"column":1}},"line":289},"13":{"name":"(anonymous_13)","decl":{"start":{"line":301,"column":29},"end":{"line":301,"column":30}},"loc":{"start":{"line":301,"column":49},"end":{"line":358,"column":1}},"line":301},"14":{"name":"(anonymous_14)","decl":{"start":{"line":314,"column":19},"end":{"line":314,"column":20}},"loc":{"start":{"line":314,"column":24},"end":{"line":314,"column":41}},"line":314},"15":{"name":"(anonymous_15)","decl":{"start":{"line":361,"column":28},"end":{"line":361,"column":29}},"loc":{"start":{"line":361,"column":48},"end":{"line":411,"column":1}},"line":361},"16":{"name":"(anonymous_16)","decl":{"start":{"line":374,"column":28},"end":{"line":374,"column":29}},"loc":{"start":{"line":374,"column":33},"end":{"line":374,"column":50}},"line":374},"17":{"name":"(anonymous_17)","decl":{"start":{"line":414,"column":34},"end":{"line":414,"column":35}},"loc":{"start":{"line":414,"column":54},"end":{"line":446,"column":1}},"line":414},"18":{"name":"(anonymous_18)","decl":{"start":{"line":449,"column":31},"end":{"line":449,"column":32}},"loc":{"start":{"line":449,"column":51},"end":{"line":480,"column":1}},"line":449},"19":{"name":"(anonymous_19)","decl":{"start":{"line":483,"column":33},"end":{"line":483,"column":34}},"loc":{"start":{"line":483,"column":53},"end":{"line":512,"column":1}},"line":483},"20":{"name":"(anonymous_20)","decl":{"start":{"line":517,"column":39},"end":{"line":517,"column":40}},"loc":{"start":{"line":517,"column":53},"end":{"line":541,"column":1}},"line":517},"21":{"name":"(anonymous_21)","decl":{"start":{"line":519,"column":28},"end":{"line":519,"column":29}},"loc":{"start":{"line":519,"column":33},"end":{"line":519,"column":55}},"line":519},"22":{"name":"(anonymous_22)","decl":{"start":{"line":544,"column":39},"end":{"line":544,"column":40}},"loc":{"start":{"line":544,"column":59},"end":{"line":583,"column":1}},"line":544},"23":{"name":"(anonymous_23)","decl":{"start":{"line":547,"column":38},"end":{"line":547,"column":39}},"loc":{"start":{"line":547,"column":43},"end":{"line":547,"column":65}},"line":547},"24":{"name":"(anonymous_24)","decl":{"start":{"line":586,"column":48},"end":{"line":586,"column":49}},"loc":{"start":{"line":586,"column":62},"end":{"line":604,"column":1}},"line":586},"25":{"name":"(anonymous_25)","decl":{"start":{"line":588,"column":43},"end":{"line":588,"column":44}},"loc":{"start":{"line":588,"column":48},"end":{"line":591,"column":5}},"line":588},"26":{"name":"(anonymous_26)","decl":{"start":{"line":609,"column":36},"end":{"line":609,"column":37}},"loc":{"start":{"line":609,"column":50},"end":{"line":647,"column":1}},"line":609},"27":{"name":"(anonymous_27)","decl":{"start":{"line":627,"column":29},"end":{"line":627,"column":30}},"loc":{"start":{"line":627,"column":34},"end":{"line":627,"column":54}},"line":627},"28":{"name":"(anonymous_28)","decl":{"start":{"line":650,"column":22},"end":{"line":650,"column":23}},"loc":{"start":{"line":650,"column":36},"end":{"line":674,"column":1}},"line":650},"29":{"name":"(anonymous_29)","decl":{"start":{"line":677,"column":26},"end":{"line":677,"column":27}},"loc":{"start":{"line":677,"column":40},"end":{"line":698,"column":1}},"line":677},"30":{"name":"(anonymous_30)","decl":{"start":{"line":679,"column":28},"end":{"line":679,"column":29}},"loc":{"start":{"line":679,"column":33},"end":{"line":679,"column":55}},"line":679},"31":{"name":"(anonymous_31)","decl":{"start":{"line":701,"column":39},"end":{"line":701,"column":40}},"loc":{"start":{"line":701,"column":53},"end":{"line":738,"column":1}},"line":701},"32":{"name":"(anonymous_32)","decl":{"start":{"line":704,"column":38},"end":{"line":704,"column":39}},"loc":{"start":{"line":704,"column":43},"end":{"line":704,"column":65}},"line":704},"33":{"name":"(anonymous_33)","decl":{"start":{"line":741,"column":42},"end":{"line":741,"column":43}},"loc":{"start":{"line":741,"column":56},"end":{"line":773,"column":1}},"line":741},"34":{"name":"(anonymous_34)","decl":{"start":{"line":743,"column":38},"end":{"line":743,"column":39}},"loc":{"start":{"line":743,"column":43},"end":{"line":743,"column":65}},"line":743},"35":{"name":"(anonymous_35)","decl":{"start":{"line":776,"column":45},"end":{"line":776,"column":46}},"loc":{"start":{"line":776,"column":59},"end":{"line":800,"column":1}},"line":776},"36":{"name":"(anonymous_36)","decl":{"start":{"line":778,"column":28},"end":{"line":778,"column":29}},"loc":{"start":{"line":778,"column":33},"end":{"line":778,"column":55}},"line":778},"37":{"name":"(anonymous_37)","decl":{"start":{"line":803,"column":49},"end":{"line":803,"column":50}},"loc":{"start":{"line":803,"column":63},"end":{"line":837,"column":1}},"line":803},"38":{"name":"(anonymous_38)","decl":{"start":{"line":806,"column":28},"end":{"line":806,"column":29}},"loc":{"start":{"line":806,"column":33},"end":{"line":806,"column":55}},"line":806},"39":{"name":"(anonymous_39)","decl":{"start":{"line":818,"column":27},"end":{"line":818,"column":28}},"loc":{"start":{"line":818,"column":32},"end":{"line":818,"column":52}},"line":818},"40":{"name":"(anonymous_40)","decl":{"start":{"line":842,"column":37},"end":{"line":842,"column":38}},"loc":{"start":{"line":842,"column":51},"end":{"line":881,"column":1}},"line":842},"41":{"name":"(anonymous_41)","decl":{"start":{"line":861,"column":31},"end":{"line":861,"column":32}},"loc":{"start":{"line":861,"column":36},"end":{"line":861,"column":56}},"line":861},"42":{"name":"(anonymous_42)","decl":{"start":{"line":884,"column":23},"end":{"line":884,"column":24}},"loc":{"start":{"line":884,"column":37},"end":{"line":908,"column":1}},"line":884},"43":{"name":"(anonymous_43)","decl":{"start":{"line":911,"column":27},"end":{"line":911,"column":28}},"loc":{"start":{"line":911,"column":41},"end":{"line":935,"column":1}},"line":911},"44":{"name":"(anonymous_44)","decl":{"start":{"line":913,"column":30},"end":{"line":913,"column":31}},"loc":{"start":{"line":913,"column":35},"end":{"line":913,"column":57}},"line":913},"45":{"name":"(anonymous_45)","decl":{"start":{"line":938,"column":40},"end":{"line":938,"column":41}},"loc":{"start":{"line":938,"column":54},"end":{"line":974,"column":1}},"line":938},"46":{"name":"(anonymous_46)","decl":{"start":{"line":941,"column":40},"end":{"line":941,"column":41}},"loc":{"start":{"line":941,"column":45},"end":{"line":941,"column":67}},"line":941},"47":{"name":"(anonymous_47)","decl":{"start":{"line":977,"column":43},"end":{"line":977,"column":44}},"loc":{"start":{"line":977,"column":57},"end":{"line":1009,"column":1}},"line":977},"48":{"name":"(anonymous_48)","decl":{"start":{"line":979,"column":40},"end":{"line":979,"column":41}},"loc":{"start":{"line":979,"column":45},"end":{"line":979,"column":67}},"line":979},"49":{"name":"(anonymous_49)","decl":{"start":{"line":1014,"column":51},"end":{"line":1014,"column":52}},"loc":{"start":{"line":1014,"column":65},"end":{"line":1053,"column":1}},"line":1014},"50":{"name":"(anonymous_50)","decl":{"start":{"line":1056,"column":24},"end":{"line":1056,"column":25}},"loc":{"start":{"line":1056,"column":38},"end":{"line":1080,"column":1}},"line":1056},"51":{"name":"(anonymous_51)","decl":{"start":{"line":1083,"column":28},"end":{"line":1083,"column":29}},"loc":{"start":{"line":1083,"column":42},"end":{"line":1104,"column":1}},"line":1083},"52":{"name":"(anonymous_52)","decl":{"start":{"line":1085,"column":32},"end":{"line":1085,"column":33}},"loc":{"start":{"line":1085,"column":37},"end":{"line":1085,"column":59}},"line":1085},"53":{"name":"(anonymous_53)","decl":{"start":{"line":1107,"column":54},"end":{"line":1107,"column":55}},"loc":{"start":{"line":1107,"column":68},"end":{"line":1138,"column":1}},"line":1107},"54":{"name":"(anonymous_54)","decl":{"start":{"line":1110,"column":42},"end":{"line":1110,"column":43}},"loc":{"start":{"line":1110,"column":47},"end":{"line":1110,"column":69}},"line":1110},"55":{"name":"(anonymous_55)","decl":{"start":{"line":1141,"column":57},"end":{"line":1141,"column":58}},"loc":{"start":{"line":1141,"column":71},"end":{"line":1165,"column":1}},"line":1141},"56":{"name":"(anonymous_56)","decl":{"start":{"line":1143,"column":42},"end":{"line":1143,"column":43}},"loc":{"start":{"line":1143,"column":47},"end":{"line":1143,"column":69}},"line":1143},"57":{"name":"(anonymous_57)","decl":{"start":{"line":1168,"column":49},"end":{"line":1168,"column":50}},"loc":{"start":{"line":1168,"column":63},"end":{"line":1202,"column":1}},"line":1168},"58":{"name":"(anonymous_58)","decl":{"start":{"line":1170,"column":32},"end":{"line":1170,"column":33}},"loc":{"start":{"line":1170,"column":37},"end":{"line":1170,"column":59}},"line":1170},"59":{"name":"(anonymous_59)","decl":{"start":{"line":1207,"column":47},"end":{"line":1207,"column":48}},"loc":{"start":{"line":1207,"column":61},"end":{"line":1243,"column":1}},"line":1207},"60":{"name":"(anonymous_60)","decl":{"start":{"line":1246,"column":51},"end":{"line":1246,"column":52}},"loc":{"start":{"line":1246,"column":65},"end":{"line":1259,"column":1}},"line":1246},"61":{"name":"(anonymous_61)","decl":{"start":{"line":1264,"column":58},"end":{"line":1264,"column":59}},"loc":{"start":{"line":1264,"column":72},"end":{"line":1287,"column":1}},"line":1264},"62":{"name":"(anonymous_62)","decl":{"start":{"line":1266,"column":45},"end":{"line":1266,"column":46}},"loc":{"start":{"line":1266,"column":57},"end":{"line":1266,"column":71}},"line":1266},"63":{"name":"(anonymous_63)","decl":{"start":{"line":1290,"column":61},"end":{"line":1290,"column":62}},"loc":{"start":{"line":1290,"column":75},"end":{"line":1313,"column":1}},"line":1290},"64":{"name":"(anonymous_64)","decl":{"start":{"line":1316,"column":35},"end":{"line":1316,"column":36}},"loc":{"start":{"line":1316,"column":49},"end":{"line":1328,"column":1}},"line":1316},"65":{"name":"(anonymous_65)","decl":{"start":{"line":1333,"column":23},"end":{"line":1333,"column":24}},"loc":{"start":{"line":1333,"column":43},"end":{"line":1354,"column":1}},"line":1333},"66":{"name":"(anonymous_66)","decl":{"start":{"line":1357,"column":24},"end":{"line":1357,"column":25}},"loc":{"start":{"line":1357,"column":38},"end":{"line":1372,"column":1}},"line":1357},"67":{"name":"(anonymous_67)","decl":{"start":{"line":1375,"column":55},"end":{"line":1375,"column":56}},"loc":{"start":{"line":1375,"column":75},"end":{"line":1415,"column":1}},"line":1375},"68":{"name":"(anonymous_68)","decl":{"start":{"line":1418,"column":33},"end":{"line":1418,"column":34}},"loc":{"start":{"line":1418,"column":47},"end":{"line":1442,"column":1}},"line":1418},"69":{"name":"(anonymous_69)","decl":{"start":{"line":1445,"column":52},"end":{"line":1445,"column":53}},"loc":{"start":{"line":1445,"column":66},"end":{"line":1458,"column":1}},"line":1445},"70":{"name":"(anonymous_70)","decl":{"start":{"line":1462,"column":8},"end":{"line":1462,"column":9}},"loc":{"start":{"line":1462,"column":22},"end":{"line":1468,"column":1}},"line":1462},"71":{"name":"startServer","decl":{"start":{"line":1474,"column":15},"end":{"line":1474,"column":26}},"loc":{"start":{"line":1474,"column":29},"end":{"line":1518,"column":1}},"line":1474},"72":{"name":"(anonymous_72)","decl":{"start":{"line":1483,"column":46},"end":{"line":1483,"column":47}},"loc":{"start":{"line":1483,"column":52},"end":{"line":1510,"column":7}},"line":1483},"73":{"name":"startHttpServer","decl":{"start":{"line":1520,"column":9},"end":{"line":1520,"column":24}},"loc":{"start":{"line":1520,"column":27},"end":{"line":1549,"column":1}},"line":1520},"74":{"name":"(anonymous_74)","decl":{"start":{"line":1521,"column":19},"end":{"line":1521,"column":20}},"loc":{"start":{"line":1521,"column":25},"end":{"line":1548,"column":3}},"line":1521},"75":{"name":"(anonymous_75)","decl":{"start":{"line":1552,"column":20},"end":{"line":1552,"column":21}},"loc":{"start":{"line":1552,"column":29},"end":{"line":1556,"column":1}},"line":1552}},"branchMap":{"0":{"loc":{"start":{"line":54,"column":15},"end":{"line":56,"column":45}},"type":"cond-expr","locations":[{"start":{"line":55,"column":4},"end":{"line":55,"column":44}},{"start":{"line":56,"column":4},"end":{"line":56,"column":45}}],"line":54},"1":{"loc":{"start":{"line":240,"column":2},"end":{"line":245,"column":3}},"type":"if","locations":[{"start":{"line":240,"column":2},"end":{"line":245,"column":3}},{"start":{},"end":{}}],"line":240},"2":{"loc":{"start":{"line":261,"column":2},"end":{"line":268,"column":3}},"type":"if","locations":[{"start":{"line":261,"column":2},"end":{"line":268,"column":3}},{"start":{"line":263,"column":9},"end":{"line":268,"column":3}}],"line":261},"3":{"loc":{"start":{"line":261,"column":6},"end":{"line":261,"column":43}},"type":"binary-expr","locations":[{"start":{"line":261,"column":6},"end":{"line":261,"column":14}},{"start":{"line":261,"column":18},"end":{"line":261,"column":43}}],"line":261},"4":{"loc":{"start":{"line":277,"column":4},"end":{"line":282,"column":5}},"type":"if","locations":[{"start":{"line":277,"column":4},"end":{"line":282,"column":5}},{"start":{},"end":{}}],"line":277},"5":{"loc":{"start":{"line":291,"column":13},"end":{"line":291,"column":30}},"type":"binary-expr","locations":[{"start":{"line":291,"column":13},"end":{"line":291,"column":23}},{"start":{"line":291,"column":27},"end":{"line":291,"column":30}}],"line":291},"6":{"loc":{"start":{"line":293,"column":13},"end":{"line":293,"column":51}},"type":"binary-expr","locations":[{"start":{"line":293,"column":13},"end":{"line":293,"column":24}},{"start":{"line":293,"column":28},"end":{"line":293,"column":51}}],"line":293},"7":{"loc":{"start":{"line":294,"column":8},"end":{"line":294,"column":70}},"type":"binary-expr","locations":[{"start":{"line":294,"column":8},"end":{"line":294,"column":46}},{"start":{"line":294,"column":50},"end":{"line":294,"column":70}}],"line":294},"8":{"loc":{"start":{"line":306,"column":4},"end":{"line":311,"column":5}},"type":"if","locations":[{"start":{"line":306,"column":4},"end":{"line":311,"column":5}},{"start":{},"end":{}}],"line":306},"9":{"loc":{"start":{"line":306,"column":8},"end":{"line":306,"column":47}},"type":"binary-expr","locations":[{"start":{"line":306,"column":8},"end":{"line":306,"column":13}},{"start":{"line":306,"column":17},"end":{"line":306,"column":23}},{"start":{"line":306,"column":27},"end":{"line":306,"column":34}},{"start":{"line":306,"column":38},"end":{"line":306,"column":47}}],"line":306},"10":{"loc":{"start":{"line":314,"column":4},"end":{"line":319,"column":5}},"type":"if","locations":[{"start":{"line":314,"column":4},"end":{"line":319,"column":5}},{"start":{},"end":{}}],"line":314},"11":{"loc":{"start":{"line":366,"column":4},"end":{"line":371,"column":5}},"type":"if","locations":[{"start":{"line":366,"column":4},"end":{"line":371,"column":5}},{"start":{},"end":{}}],"line":366},"12":{"loc":{"start":{"line":366,"column":8},"end":{"line":366,"column":27}},"type":"binary-expr","locations":[{"start":{"line":366,"column":8},"end":{"line":366,"column":14}},{"start":{"line":366,"column":18},"end":{"line":366,"column":27}}],"line":366},"13":{"loc":{"start":{"line":375,"column":4},"end":{"line":380,"column":5}},"type":"if","locations":[{"start":{"line":375,"column":4},"end":{"line":380,"column":5}},{"start":{},"end":{}}],"line":375},"14":{"loc":{"start":{"line":384,"column":4},"end":{"line":389,"column":5}},"type":"if","locations":[{"start":{"line":384,"column":4},"end":{"line":389,"column":5}},{"start":{},"end":{}}],"line":384},"15":{"loc":{"start":{"line":419,"column":4},"end":{"line":434,"column":5}},"type":"if","locations":[{"start":{"line":419,"column":4},"end":{"line":434,"column":5}},{"start":{},"end":{}}],"line":419},"16":{"loc":{"start":{"line":419,"column":8},"end":{"line":419,"column":55}},"type":"binary-expr","locations":[{"start":{"line":419,"column":8},"end":{"line":419,"column":28}},{"start":{"line":419,"column":32},"end":{"line":419,"column":55}}],"line":419},"17":{"loc":{"start":{"line":453,"column":4},"end":{"line":458,"column":5}},"type":"if","locations":[{"start":{"line":453,"column":4},"end":{"line":458,"column":5}},{"start":{},"end":{}}],"line":453},"18":{"loc":{"start":{"line":453,"column":8},"end":{"line":453,"column":25}},"type":"binary-expr","locations":[{"start":{"line":453,"column":8},"end":{"line":453,"column":14}},{"start":{"line":453,"column":18},"end":{"line":453,"column":25}}],"line":453},"19":{"loc":{"start":{"line":468,"column":12},"end":{"line":468,"column":30}},"type":"binary-expr","locations":[{"start":{"line":468,"column":12},"end":{"line":468,"column":17}},{"start":{"line":468,"column":21},"end":{"line":468,"column":30}}],"line":468},"20":{"loc":{"start":{"line":469,"column":12},"end":{"line":469,"column":32}},"type":"binary-expr","locations":[{"start":{"line":469,"column":12},"end":{"line":469,"column":18}},{"start":{"line":469,"column":22},"end":{"line":469,"column":32}}],"line":469},"21":{"loc":{"start":{"line":487,"column":4},"end":{"line":492,"column":5}},"type":"if","locations":[{"start":{"line":487,"column":4},"end":{"line":492,"column":5}},{"start":{},"end":{}}],"line":487},"22":{"loc":{"start":{"line":495,"column":4},"end":{"line":505,"column":5}},"type":"if","locations":[{"start":{"line":495,"column":4},"end":{"line":505,"column":5}},{"start":{"line":500,"column":11},"end":{"line":505,"column":5}}],"line":495},"23":{"loc":{"start":{"line":521,"column":4},"end":{"line":526,"column":5}},"type":"if","locations":[{"start":{"line":521,"column":4},"end":{"line":526,"column":5}},{"start":{},"end":{}}],"line":521},"24":{"loc":{"start":{"line":549,"column":4},"end":{"line":554,"column":5}},"type":"if","locations":[{"start":{"line":549,"column":4},"end":{"line":554,"column":5}},{"start":{},"end":{}}],"line":549},"25":{"loc":{"start":{"line":557,"column":4},"end":{"line":562,"column":5}},"type":"if","locations":[{"start":{"line":557,"column":4},"end":{"line":562,"column":5}},{"start":{},"end":{}}],"line":557},"26":{"loc":{"start":{"line":557,"column":8},"end":{"line":557,"column":66}},"type":"binary-expr","locations":[{"start":{"line":557,"column":8},"end":{"line":557,"column":37}},{"start":{"line":557,"column":41},"end":{"line":557,"column":66}}],"line":557},"27":{"loc":{"start":{"line":565,"column":4},"end":{"line":565,"column":43}},"type":"if","locations":[{"start":{"line":565,"column":4},"end":{"line":565,"column":43}},{"start":{},"end":{}}],"line":565},"28":{"loc":{"start":{"line":566,"column":4},"end":{"line":566,"column":49}},"type":"if","locations":[{"start":{"line":566,"column":4},"end":{"line":566,"column":49}},{"start":{},"end":{}}],"line":566},"29":{"loc":{"start":{"line":567,"column":4},"end":{"line":567,"column":40}},"type":"if","locations":[{"start":{"line":567,"column":4},"end":{"line":567,"column":40}},{"start":{},"end":{}}],"line":567},"30":{"loc":{"start":{"line":613,"column":4},"end":{"line":618,"column":5}},"type":"if","locations":[{"start":{"line":613,"column":4},"end":{"line":618,"column":5}},{"start":{},"end":{}}],"line":613},"31":{"loc":{"start":{"line":613,"column":8},"end":{"line":613,"column":26}},"type":"binary-expr","locations":[{"start":{"line":613,"column":8},"end":{"line":613,"column":14}},{"start":{"line":613,"column":18},"end":{"line":613,"column":26}}],"line":613},"32":{"loc":{"start":{"line":624,"column":16},"end":{"line":624,"column":37}},"type":"binary-expr","locations":[{"start":{"line":624,"column":16},"end":{"line":624,"column":24}},{"start":{"line":624,"column":28},"end":{"line":624,"column":37}}],"line":624},"33":{"loc":{"start":{"line":625,"column":12},"end":{"line":625,"column":22}},"type":"binary-expr","locations":[{"start":{"line":625,"column":12},"end":{"line":625,"column":16}},{"start":{"line":625,"column":20},"end":{"line":625,"column":22}}],"line":625},"34":{"loc":{"start":{"line":652,"column":17},"end":{"line":652,"column":46}},"type":"binary-expr","locations":[{"start":{"line":652,"column":17},"end":{"line":652,"column":41}},{"start":{"line":652,"column":45},"end":{"line":652,"column":46}}],"line":652},"35":{"loc":{"start":{"line":653,"column":18},"end":{"line":653,"column":49}},"type":"binary-expr","locations":[{"start":{"line":653,"column":18},"end":{"line":653,"column":43}},{"start":{"line":653,"column":47},"end":{"line":653,"column":49}}],"line":653},"36":{"loc":{"start":{"line":681,"column":4},"end":{"line":686,"column":5}},"type":"if","locations":[{"start":{"line":681,"column":4},"end":{"line":686,"column":5}},{"start":{},"end":{}}],"line":681},"37":{"loc":{"start":{"line":706,"column":4},"end":{"line":711,"column":5}},"type":"if","locations":[{"start":{"line":706,"column":4},"end":{"line":711,"column":5}},{"start":{},"end":{}}],"line":706},"38":{"loc":{"start":{"line":714,"column":4},"end":{"line":719,"column":5}},"type":"if","locations":[{"start":{"line":714,"column":4},"end":{"line":719,"column":5}},{"start":{},"end":{}}],"line":714},"39":{"loc":{"start":{"line":714,"column":8},"end":{"line":714,"column":78}},"type":"binary-expr","locations":[{"start":{"line":714,"column":8},"end":{"line":714,"column":49}},{"start":{"line":714,"column":53},"end":{"line":714,"column":78}}],"line":714},"40":{"loc":{"start":{"line":721,"column":4},"end":{"line":721,"column":46}},"type":"if","locations":[{"start":{"line":721,"column":4},"end":{"line":721,"column":46}},{"start":{},"end":{}}],"line":721},"41":{"loc":{"start":{"line":722,"column":4},"end":{"line":722,"column":52}},"type":"if","locations":[{"start":{"line":722,"column":4},"end":{"line":722,"column":52}},{"start":{},"end":{}}],"line":722},"42":{"loc":{"start":{"line":723,"column":4},"end":{"line":723,"column":55}},"type":"if","locations":[{"start":{"line":723,"column":4},"end":{"line":723,"column":55}},{"start":{},"end":{}}],"line":723},"43":{"loc":{"start":{"line":724,"column":4},"end":{"line":724,"column":43}},"type":"if","locations":[{"start":{"line":724,"column":4},"end":{"line":724,"column":43}},{"start":{},"end":{}}],"line":724},"44":{"loc":{"start":{"line":745,"column":4},"end":{"line":750,"column":5}},"type":"if","locations":[{"start":{"line":745,"column":4},"end":{"line":750,"column":5}},{"start":{},"end":{}}],"line":745},"45":{"loc":{"start":{"line":753,"column":4},"end":{"line":758,"column":5}},"type":"if","locations":[{"start":{"line":753,"column":4},"end":{"line":758,"column":5}},{"start":{},"end":{}}],"line":753},"46":{"loc":{"start":{"line":753,"column":8},"end":{"line":753,"column":78}},"type":"binary-expr","locations":[{"start":{"line":753,"column":8},"end":{"line":753,"column":49}},{"start":{"line":753,"column":53},"end":{"line":753,"column":78}}],"line":753},"47":{"loc":{"start":{"line":780,"column":4},"end":{"line":785,"column":5}},"type":"if","locations":[{"start":{"line":780,"column":4},"end":{"line":785,"column":5}},{"start":{},"end":{}}],"line":780},"48":{"loc":{"start":{"line":787,"column":18},"end":{"line":787,"column":33}},"type":"binary-expr","locations":[{"start":{"line":787,"column":18},"end":{"line":787,"column":28}},{"start":{"line":787,"column":32},"end":{"line":787,"column":33}}],"line":787},"49":{"loc":{"start":{"line":808,"column":4},"end":{"line":813,"column":5}},"type":"if","locations":[{"start":{"line":808,"column":4},"end":{"line":813,"column":5}},{"start":{},"end":{}}],"line":808},"50":{"loc":{"start":{"line":823,"column":20},"end":{"line":823,"column":39}},"type":"binary-expr","locations":[{"start":{"line":823,"column":20},"end":{"line":823,"column":33}},{"start":{"line":823,"column":37},"end":{"line":823,"column":39}}],"line":823},"51":{"loc":{"start":{"line":846,"column":4},"end":{"line":851,"column":5}},"type":"if","locations":[{"start":{"line":846,"column":4},"end":{"line":851,"column":5}},{"start":{},"end":{}}],"line":846},"52":{"loc":{"start":{"line":846,"column":8},"end":{"line":846,"column":22}},"type":"binary-expr","locations":[{"start":{"line":846,"column":8},"end":{"line":846,"column":14}},{"start":{"line":846,"column":18},"end":{"line":846,"column":22}}],"line":846},"53":{"loc":{"start":{"line":856,"column":19},"end":{"line":856,"column":36}},"type":"binary-expr","locations":[{"start":{"line":856,"column":19},"end":{"line":856,"column":30}},{"start":{"line":856,"column":34},"end":{"line":856,"column":36}}],"line":856},"54":{"loc":{"start":{"line":858,"column":16},"end":{"line":858,"column":37}},"type":"binary-expr","locations":[{"start":{"line":858,"column":16},"end":{"line":858,"column":24}},{"start":{"line":858,"column":28},"end":{"line":858,"column":37}}],"line":858},"55":{"loc":{"start":{"line":859,"column":17},"end":{"line":859,"column":81}},"type":"binary-expr","locations":[{"start":{"line":859,"column":17},"end":{"line":859,"column":26}},{"start":{"line":859,"column":30},"end":{"line":859,"column":81}}],"line":859},"56":{"loc":{"start":{"line":886,"column":17},"end":{"line":886,"column":46}},"type":"binary-expr","locations":[{"start":{"line":886,"column":17},"end":{"line":886,"column":41}},{"start":{"line":886,"column":45},"end":{"line":886,"column":46}}],"line":886},"57":{"loc":{"start":{"line":887,"column":18},"end":{"line":887,"column":49}},"type":"binary-expr","locations":[{"start":{"line":887,"column":18},"end":{"line":887,"column":43}},{"start":{"line":887,"column":47},"end":{"line":887,"column":49}}],"line":887},"58":{"loc":{"start":{"line":915,"column":4},"end":{"line":920,"column":5}},"type":"if","locations":[{"start":{"line":915,"column":4},"end":{"line":920,"column":5}},{"start":{},"end":{}}],"line":915},"59":{"loc":{"start":{"line":923,"column":19},"end":{"line":923,"column":35}},"type":"binary-expr","locations":[{"start":{"line":923,"column":19},"end":{"line":923,"column":30}},{"start":{"line":923,"column":34},"end":{"line":923,"column":35}}],"line":923},"60":{"loc":{"start":{"line":943,"column":4},"end":{"line":948,"column":5}},"type":"if","locations":[{"start":{"line":943,"column":4},"end":{"line":948,"column":5}},{"start":{},"end":{}}],"line":943},"61":{"loc":{"start":{"line":951,"column":4},"end":{"line":956,"column":5}},"type":"if","locations":[{"start":{"line":951,"column":4},"end":{"line":956,"column":5}},{"start":{},"end":{}}],"line":951},"62":{"loc":{"start":{"line":951,"column":8},"end":{"line":951,"column":82}},"type":"binary-expr","locations":[{"start":{"line":951,"column":8},"end":{"line":951,"column":53}},{"start":{"line":951,"column":57},"end":{"line":951,"column":82}}],"line":951},"63":{"loc":{"start":{"line":958,"column":4},"end":{"line":958,"column":48}},"type":"if","locations":[{"start":{"line":958,"column":4},"end":{"line":958,"column":48}},{"start":{},"end":{}}],"line":958},"64":{"loc":{"start":{"line":959,"column":4},"end":{"line":959,"column":66}},"type":"if","locations":[{"start":{"line":959,"column":4},"end":{"line":959,"column":66}},{"start":{},"end":{}}],"line":959},"65":{"loc":{"start":{"line":960,"column":4},"end":{"line":960,"column":57}},"type":"if","locations":[{"start":{"line":960,"column":4},"end":{"line":960,"column":57}},{"start":{},"end":{}}],"line":960},"66":{"loc":{"start":{"line":981,"column":4},"end":{"line":986,"column":5}},"type":"if","locations":[{"start":{"line":981,"column":4},"end":{"line":986,"column":5}},{"start":{},"end":{}}],"line":981},"67":{"loc":{"start":{"line":989,"column":4},"end":{"line":994,"column":5}},"type":"if","locations":[{"start":{"line":989,"column":4},"end":{"line":994,"column":5}},{"start":{},"end":{}}],"line":989},"68":{"loc":{"start":{"line":989,"column":8},"end":{"line":989,"column":82}},"type":"binary-expr","locations":[{"start":{"line":989,"column":8},"end":{"line":989,"column":53}},{"start":{"line":989,"column":57},"end":{"line":989,"column":82}}],"line":989},"69":{"loc":{"start":{"line":1018,"column":4},"end":{"line":1023,"column":5}},"type":"if","locations":[{"start":{"line":1018,"column":4},"end":{"line":1023,"column":5}},{"start":{},"end":{}}],"line":1018},"70":{"loc":{"start":{"line":1018,"column":8},"end":{"line":1018,"column":24}},"type":"binary-expr","locations":[{"start":{"line":1018,"column":8},"end":{"line":1018,"column":14}},{"start":{"line":1018,"column":18},"end":{"line":1018,"column":24}}],"line":1018},"71":{"loc":{"start":{"line":1028,"column":19},"end":{"line":1028,"column":36}},"type":"binary-expr","locations":[{"start":{"line":1028,"column":19},"end":{"line":1028,"column":30}},{"start":{"line":1028,"column":34},"end":{"line":1028,"column":36}}],"line":1028},"72":{"loc":{"start":{"line":1030,"column":16},"end":{"line":1030,"column":37}},"type":"binary-expr","locations":[{"start":{"line":1030,"column":16},"end":{"line":1030,"column":24}},{"start":{"line":1030,"column":28},"end":{"line":1030,"column":37}}],"line":1030},"73":{"loc":{"start":{"line":1031,"column":13},"end":{"line":1031,"column":36}},"type":"binary-expr","locations":[{"start":{"line":1031,"column":13},"end":{"line":1031,"column":18}},{"start":{"line":1031,"column":22},"end":{"line":1031,"column":36}}],"line":1031},"74":{"loc":{"start":{"line":1032,"column":16},"end":{"line":1032,"column":40}},"type":"binary-expr","locations":[{"start":{"line":1032,"column":16},"end":{"line":1032,"column":24}},{"start":{"line":1032,"column":28},"end":{"line":1032,"column":40}}],"line":1032},"75":{"loc":{"start":{"line":1033,"column":18},"end":{"line":1033,"column":44}},"type":"binary-expr","locations":[{"start":{"line":1033,"column":18},"end":{"line":1033,"column":28}},{"start":{"line":1033,"column":32},"end":{"line":1033,"column":44}}],"line":1033},"76":{"loc":{"start":{"line":1058,"column":17},"end":{"line":1058,"column":46}},"type":"binary-expr","locations":[{"start":{"line":1058,"column":17},"end":{"line":1058,"column":41}},{"start":{"line":1058,"column":45},"end":{"line":1058,"column":46}}],"line":1058},"77":{"loc":{"start":{"line":1059,"column":18},"end":{"line":1059,"column":49}},"type":"binary-expr","locations":[{"start":{"line":1059,"column":18},"end":{"line":1059,"column":43}},{"start":{"line":1059,"column":47},"end":{"line":1059,"column":49}}],"line":1059},"78":{"loc":{"start":{"line":1087,"column":4},"end":{"line":1092,"column":5}},"type":"if","locations":[{"start":{"line":1087,"column":4},"end":{"line":1092,"column":5}},{"start":{},"end":{}}],"line":1087},"79":{"loc":{"start":{"line":1112,"column":4},"end":{"line":1117,"column":5}},"type":"if","locations":[{"start":{"line":1112,"column":4},"end":{"line":1117,"column":5}},{"start":{},"end":{}}],"line":1112},"80":{"loc":{"start":{"line":1119,"column":4},"end":{"line":1119,"column":50}},"type":"if","locations":[{"start":{"line":1119,"column":4},"end":{"line":1119,"column":50}},{"start":{},"end":{}}],"line":1119},"81":{"loc":{"start":{"line":1120,"column":4},"end":{"line":1120,"column":68}},"type":"if","locations":[{"start":{"line":1120,"column":4},"end":{"line":1120,"column":68}},{"start":{},"end":{}}],"line":1120},"82":{"loc":{"start":{"line":1121,"column":4},"end":{"line":1121,"column":50}},"type":"if","locations":[{"start":{"line":1121,"column":4},"end":{"line":1121,"column":50}},{"start":{},"end":{}}],"line":1121},"83":{"loc":{"start":{"line":1122,"column":4},"end":{"line":1122,"column":59}},"type":"if","locations":[{"start":{"line":1122,"column":4},"end":{"line":1122,"column":59}},{"start":{},"end":{}}],"line":1122},"84":{"loc":{"start":{"line":1123,"column":4},"end":{"line":1123,"column":50}},"type":"if","locations":[{"start":{"line":1123,"column":4},"end":{"line":1123,"column":50}},{"start":{},"end":{}}],"line":1123},"85":{"loc":{"start":{"line":1124,"column":4},"end":{"line":1124,"column":59}},"type":"if","locations":[{"start":{"line":1124,"column":4},"end":{"line":1124,"column":59}},{"start":{},"end":{}}],"line":1124},"86":{"loc":{"start":{"line":1145,"column":4},"end":{"line":1150,"column":5}},"type":"if","locations":[{"start":{"line":1145,"column":4},"end":{"line":1150,"column":5}},{"start":{},"end":{}}],"line":1145},"87":{"loc":{"start":{"line":1172,"column":4},"end":{"line":1177,"column":5}},"type":"if","locations":[{"start":{"line":1172,"column":4},"end":{"line":1177,"column":5}},{"start":{},"end":{}}],"line":1172},"88":{"loc":{"start":{"line":1189,"column":26},"end":{"line":1189,"column":49}},"type":"binary-expr","locations":[{"start":{"line":1189,"column":26},"end":{"line":1189,"column":44}},{"start":{"line":1189,"column":48},"end":{"line":1189,"column":49}}],"line":1189},"89":{"loc":{"start":{"line":1211,"column":4},"end":{"line":1216,"column":5}},"type":"if","locations":[{"start":{"line":1211,"column":4},"end":{"line":1216,"column":5}},{"start":{},"end":{}}],"line":1211},"90":{"loc":{"start":{"line":1211,"column":8},"end":{"line":1211,"column":39}},"type":"binary-expr","locations":[{"start":{"line":1211,"column":8},"end":{"line":1211,"column":17}},{"start":{"line":1211,"column":21},"end":{"line":1211,"column":28}},{"start":{"line":1211,"column":32},"end":{"line":1211,"column":39}}],"line":1211},"91":{"loc":{"start":{"line":1278,"column":20},"end":{"line":1278,"column":84}},"type":"cond-expr","locations":[{"start":{"line":1278,"column":46},"end":{"line":1278,"column":80}},{"start":{"line":1278,"column":83},"end":{"line":1278,"column":84}}],"line":1278},"92":{"loc":{"start":{"line":1295,"column":13},"end":{"line":1295,"column":39}},"type":"binary-expr","locations":[{"start":{"line":1295,"column":13},"end":{"line":1295,"column":18}},{"start":{"line":1295,"column":22},"end":{"line":1295,"column":39}}],"line":1295},"93":{"loc":{"start":{"line":1296,"column":19},"end":{"line":1296,"column":57}},"type":"binary-expr","locations":[{"start":{"line":1296,"column":19},"end":{"line":1296,"column":30}},{"start":{"line":1296,"column":34},"end":{"line":1296,"column":57}}],"line":1296},"94":{"loc":{"start":{"line":1297,"column":16},"end":{"line":1297,"column":48}},"type":"binary-expr","locations":[{"start":{"line":1297,"column":16},"end":{"line":1297,"column":24}},{"start":{"line":1297,"column":28},"end":{"line":1297,"column":48}}],"line":1297},"95":{"loc":{"start":{"line":1298,"column":15},"end":{"line":1298,"column":45}},"type":"binary-expr","locations":[{"start":{"line":1298,"column":15},"end":{"line":1298,"column":22}},{"start":{"line":1298,"column":26},"end":{"line":1298,"column":45}}],"line":1298},"96":{"loc":{"start":{"line":1377,"column":4},"end":{"line":1382,"column":5}},"type":"if","locations":[{"start":{"line":1377,"column":4},"end":{"line":1382,"column":5}},{"start":{},"end":{}}],"line":1377},"97":{"loc":{"start":{"line":1386,"column":4},"end":{"line":1391,"column":5}},"type":"if","locations":[{"start":{"line":1386,"column":4},"end":{"line":1391,"column":5}},{"start":{},"end":{}}],"line":1386},"98":{"loc":{"start":{"line":1395,"column":26},"end":{"line":1395,"column":53}},"type":"binary-expr","locations":[{"start":{"line":1395,"column":26},"end":{"line":1395,"column":38}},{"start":{"line":1395,"column":42},"end":{"line":1395,"column":53}}],"line":1395},"99":{"loc":{"start":{"line":1403,"column":13},"end":{"line":1403,"column":42}},"type":"binary-expr","locations":[{"start":{"line":1403,"column":13},"end":{"line":1403,"column":23}},{"start":{"line":1403,"column":27},"end":{"line":1403,"column":42}}],"line":1403},"100":{"loc":{"start":{"line":1472,"column":13},"end":{"line":1472,"column":51}},"type":"binary-expr","locations":[{"start":{"line":1472,"column":13},"end":{"line":1472,"column":29}},{"start":{"line":1472,"column":33},"end":{"line":1472,"column":51}}],"line":1472},"101":{"loc":{"start":{"line":1479,"column":2},"end":{"line":1517,"column":3}},"type":"if","locations":[{"start":{"line":1479,"column":2},"end":{"line":1517,"column":3}},{"start":{"line":1515,"column":9},"end":{"line":1517,"column":3}}],"line":1479},"102":{"loc":{"start":{"line":1479,"column":6},"end":{"line":1479,"column":81}},"type":"binary-expr","locations":[{"start":{"line":1479,"column":6},"end":{"line":1479,"column":40}},{"start":{"line":1479,"column":44},"end":{"line":1479,"column":81}}],"line":1479},"103":{"loc":{"start":{"line":1490,"column":20},"end":{"line":1490,"column":57}},"type":"binary-expr","locations":[{"start":{"line":1490,"column":20},"end":{"line":1490,"column":40}},{"start":{"line":1490,"column":44},"end":{"line":1490,"column":57}}],"line":1490},"104":{"loc":{"start":{"line":1493,"column":14},"end":{"line":1493,"column":60}},"type":"binary-expr","locations":[{"start":{"line":1493,"column":14},"end":{"line":1493,"column":40}},{"start":{"line":1493,"column":44},"end":{"line":1493,"column":60}}],"line":1493},"105":{"loc":{"start":{"line":1494,"column":16},"end":{"line":1494,"column":64}},"type":"binary-expr","locations":[{"start":{"line":1494,"column":16},"end":{"line":1494,"column":44}},{"start":{"line":1494,"column":48},"end":{"line":1494,"column":64}}],"line":1494},"106":{"loc":{"start":{"line":1528,"column":20},"end":{"line":1528,"column":57}},"type":"binary-expr","locations":[{"start":{"line":1528,"column":20},"end":{"line":1528,"column":40}},{"start":{"line":1528,"column":44},"end":{"line":1528,"column":57}}],"line":1528},"107":{"loc":{"start":{"line":1531,"column":14},"end":{"line":1531,"column":60}},"type":"binary-expr","locations":[{"start":{"line":1531,"column":14},"end":{"line":1531,"column":40}},{"start":{"line":1531,"column":44},"end":{"line":1531,"column":60}}],"line":1531},"108":{"loc":{"start":{"line":1532,"column":16},"end":{"line":1532,"column":64}},"type":"binary-expr","locations":[{"start":{"line":1532,"column":16},"end":{"line":1532,"column":44}},{"start":{"line":1532,"column":48},"end":{"line":1532,"column":64}}],"line":1532}},"s":{"0":0,"1":0,"2":0,"3":0,"4":0,"5":0,"6":0,"7":0,"8":0,"9":0,"10":0,"11":0,"12":0,"13":0,"14":0,"15":0,"16":0,"17":0,"18":0,"19":0,"20":0,"21":0,"22":0,"23":0,"24":0,"25":0,"26":0,"27":0,"28":0,"29":0,"30":0,"31":0,"32":0,"33":0,"34":0,"35":0,"36":0,"37":0,"38":0,"39":0,"40":0,"41":0,"42":0,"43":0,"44":0,"45":0,"46":0,"47":0,"48":0,"49":0,"50":0,"51":0,"52":0,"53":0,"54":0,"55":0,"56":0,"57":0,"58":0,"59":0,"60":0,"61":0,"62":0,"63":0,"64":0,"65":0,"66":0,"67":0,"68":0,"69":0,"70":0,"71":0,"72":0,"73":0,"74":0,"75":0,"76":0,"77":0,"78":0,"79":0,"80":0,"81":0,"82":0,"83":0,"84":0,"85":0,"86":0,"87":0,"88":0,"89":0,"90":0,"91":0,"92":0,"93":0,"94":0,"95":0,"96":0,"97":0,"98":0,"99":0,"100":0,"101":0,"102":0,"103":0,"104":0,"105":0,"106":0,"107":0,"108":0,"109":0,"110":0,"111":0,"112":0,"113":0,"114":0,"115":0,"116":0,"117":0,"118":0,"119":0,"120":0,"121":0,"122":0,"123":0,"124":0,"125":0,"126":0,"127":0,"128":0,"129":0,"130":0,"131":0,"132":0,"133":0,"134":0,"135":0,"136":0,"137":0,"138":0,"139":0,"140":0,"141":0,"142":0,"143":0,"144":0,"145":0,"146":0,"147":0,"148":0,"149":0,"150":0,"151":0,"152":0,"153":0,"154":0,"155":0,"156":0,"157":0,"158":0,"159":0,"160":0,"161":0,"162":0,"163":0,"164":0,"165":0,"166":0,"167":0,"168":0,"169":0,"170":0,"171":0,"172":0,"173":0,"174":0,"175":0,"176":0,"177":0,"178":0,"179":0,"180":0,"181":0,"182":0,"183":0,"184":0,"185":0,"186":0,"187":0,"188":0,"189":0,"190":0,"191":0,"192":0,"193":0,"194":0,"195":0,"196":0,"197":0,"198":0,"199":0,"200":0,"201":0,"202":0,"203":0,"204":0,"205":0,"206":0,"207":0,"208":0,"209":0,"210":0,"211":0,"212":0,"213":0,"214":0,"215":0,"216":0,"217":0,"218":0,"219":0,"220":0,"221":0,"222":0,"223":0,"224":0,"225":0,"226":0,"227":0,"228":0,"229":0,"230":0,"231":0,"232":0,"233":0,"234":0,"235":0,"236":0,"237":0,"238":0,"239":0,"240":0,"241":0,"242":0,"243":0,"244":0,"245":0,"246":0,"247":0,"248":0,"249":0,"250":0,"251":0,"252":0,"253":0,"254":0,"255":0,"256":0,"257":0,"258":0,"259":0,"260":0,"261":0,"262":0,"263":0,"264":0,"265":0,"266":0,"267":0,"268":0,"269":0,"270":0,"271":0,"272":0,"273":0,"274":0,"275":0,"276":0,"277":0,"278":0,"279":0,"280":0,"281":0,"282":0,"283":0,"284":0,"285":0,"286":0,"287":0,"288":0,"289":0,"290":0,"291":0,"292":0,"293":0,"294":0,"295":0,"296":0,"297":0,"298":0,"299":0,"300":0,"301":0,"302":0,"303":0,"304":0,"305":0,"306":0,"307":0,"308":0,"309":0,"310":0,"311":0,"312":0,"313":0,"314":0,"315":0,"316":0,"317":0,"318":0,"319":0,"320":0,"321":0,"322":0,"323":0,"324":0,"325":0,"326":0,"327":0,"328":0,"329":0,"330":0,"331":0,"332":0,"333":0,"334":0,"335":0,"336":0,"337":0,"338":0,"339":0,"340":0,"341":0,"342":0,"343":0,"344":0,"345":0,"346":0,"347":0,"348":0,"349":0,"350":0,"351":0,"352":0,"353":0,"354":0,"355":0,"356":0,"357":0,"358":0,"359":0,"360":0,"361":0,"362":0,"363":0,"364":0,"365":0,"366":0,"367":0,"368":0,"369":0,"370":0,"371":0,"372":0,"373":0,"374":0,"375":0,"376":0,"377":0,"378":0,"379":0,"380":0,"381":0,"382":0,"383":0,"384":0,"385":0,"386":0,"387":0,"388":0,"389":0,"390":0,"391":0,"392":0,"393":0,"394":0,"395":0,"396":0,"397":0,"398":0,"399":0,"400":0,"401":0,"402":0,"403":0,"404":0,"405":0,"406":0,"407":0,"408":0,"409":0,"410":0,"411":0,"412":0,"413":0,"414":0,"415":0,"416":0,"417":0,"418":0,"419":0,"420":0,"421":0,"422":0,"423":0,"424":0,"425":0,"426":0,"427":0,"428":0,"429":0,"430":0,"431":0,"432":0,"433":0,"434":0,"435":0,"436":0,"437":0,"438":0,"439":0,"440":0,"441":0,"442":0,"443":0,"444":0,"445":0,"446":0,"447":0,"448":0,"449":0,"450":0,"451":0,"452":0,"453":0,"454":0,"455":0,"456":0,"457":0,"458":0,"459":0,"460":0,"461":0,"462":0,"463":0,"464":0,"465":0,"466":0,"467":0,"468":0,"469":0,"470":0,"471":0,"472":0,"473":0,"474":0,"475":0,"476":0,"477":0,"478":0,"479":0,"480":0,"481":0,"482":0,"483":0,"484":0,"485":0,"486":0,"487":0,"488":0,"489":0,"490":0,"491":0,"492":0,"493":0,"494":0,"495":0,"496":0,"497":0,"498":0},"f":{"0":0,"1":0,"2":0,"3":0,"4":0,"5":0,"6":0,"7":0,"8":0,"9":0,"10":0,"11":0,"12":0,"13":0,"14":0,"15":0,"16":0,"17":0,"18":0,"19":0,"20":0,"21":0,"22":0,"23":0,"24":0,"25":0,"26":0,"27":0,"28":0,"29":0,"30":0,"31":0,"32":0,"33":0,"34":0,"35":0,"36":0,"37":0,"38":0,"39":0,"40":0,"41":0,"42":0,"43":0,"44":0,"45":0,"46":0,"47":0,"48":0,"49":0,"50":0,"51":0,"52":0,"53":0,"54":0,"55":0,"56":0,"57":0,"58":0,"59":0,"60":0,"61":0,"62":0,"63":0,"64":0,"65":0,"66":0,"67":0,"68":0,"69":0,"70":0,"71":0,"72":0,"73":0,"74":0,"75":0},"b":{"0":[0,0],"1":[0,0],"2":[0,0],"3":[0,0],"4":[0,0],"5":[0,0],"6":[0,0],"7":[0,0],"8":[0,0],"9":[0,0,0,0],"10":[0,0],"11":[0,0],"12":[0,0],"13":[0,0],"14":[0,0],"15":[0,0],"16":[0,0],"17":[0,0],"18":[0,0],"19":[0,0],"20":[0,0],"21":[0,0],"22":[0,0],"23":[0,0],"24":[0,0],"25":[0,0],"26":[0,0],"27":[0,0],"28
[...]
umn":7}},"73":{"start":{"line":249,"column":22},"end":{"line":249,"column":85}},"74":{"start":{"line":251,"column":4},"end":{"line":256,"column":6}},"75":{"start":{"line":263,"column":23},"end":{"line":263,"column":56}},"76":{"start":{"line":265,"column":4},"end":{"line":267,"column":5}},"77":{"start":{"line":266,"column":6},"end":{"line":266,"column":52}},"78":{"start":{"line":269,"column":21},"end":{"line":269,"column":49}},"79":{"start":{"line":270,"column":21},"end":{"line":270,"column":52}},"80":{"start":{"line":272,"column":4},"end":{"line":272,"column":42}},"81":{"start":{"line":274,"column":16},"end":{"line":276,"column":40}},"82":{"start":{"line":278,"column":4},"end":{"line":284,"column":6}},"83":{"start":{"line":293,"column":4},"end":{"line":309,"column":5}},"84":{"start":{"line":294,"column":6},"end":{"line":303,"column":7}},"85":{"start":{"line":295,"column":8},"end":{"line":295,"column":92}},"86":{"start":{"line":296,"column":13},"end":{"line":303,"column":7}},"87":{"start":{"line":297,"column":8},"end":{"line":297,"column":73}},"88":{"start":{"line":298,"column":13},"end":{"line":303,"column":7}},"89":{"start":{"line":299,"column":25},"end":{"line":299,"column":59}},"90":{"start":{"line":300,"column":8},"end":{"line":302,"column":9}},"91":{"start":{"line":301,"column":10},"end":{"line":301,"column":34}},"92":{"start":{"line":305,"column":6},"end":{"line":305,"column":46}},"93":{"start":{"line":307,"column":6},"end":{"line":307,"column":55}},"94":{"start":{"line":308,"column":6},"end":{"line":308,"column":18}},"95":{"start":{"line":318,"column":4},"end":{"line":324,"column":5}},"96":{"start":{"line":319,"column":6},"end":{"line":319,"column":70}},"97":{"start":{"line":320,"column":11},"end":{"line":324,"column":5}},"98":{"start":{"line":321,"column":6},"end":{"line":321,"column":76}},"99":{"start":{"line":322,"column":11},"end":{"line":324,"column":5}},"100":{"start":{"line":323,"column":6},"end":{"line":323,"column":79}},"101":{"start":{"line":333,"column":4},"end":{"line":352,"column":5}},"102":{"start":{"line":334,"column":6},"end":{"line":348,"column":7}},"103":{"start":{"line":335,"column":23},"end":{"line":337,"column":20}},"104":{"start":{"line":338,"column":8},"end":{"line":338,"column":37}},"105":{"start":{"line":339,"column":13},"end":{"line":348,"column":7}},"106":{"start":{"line":340,"column":24},"end":{"line":340,"column":94}},"107":{"start":{"line":341,"column":8},"end":{"line":341,"column":21}},"108":{"start":{"line":342,"column":13},"end":{"line":348,"column":7}},"109":{"start":{"line":343,"column":27},"end":{"line":343,"column":60}},"110":{"start":{"line":344,"column":8},"end":{"line":346,"column":9}},"111":{"start":{"line":345,"column":10},"end":{"line":345,"column":20}},"112":{"start":{"line":347,"column":8},"end":{"line":347,"column":42}},"113":{"start":{"line":350,"column":6},"end":{"line":350,"column":59}},"114":{"start":{"line":351,"column":6},"end":{"line":351,"column":16}},"115":{"start":{"line":358,"column":0},"end":{"line":361,"column":2}}},"fnMap":{"0":{"name":"(anonymous_0)","decl":{"start":{"line":49,"column":2},"end":{"line":49,"column":3}},"loc":{"start":{"line":49,"column":66},"end":{"line":55,"column":3}},"line":49},"1":{"name":"(anonymous_1)","decl":{"start":{"line":61,"column":2},"end":{"line":61,"column":3}},"loc":{"start":{"line":61,"column":21},"end":{"line":81,"column":3}},"line":61},"2":{"name":"(anonymous_2)","decl":{"start":{"line":86,"column":2},"end":{"line":86,"column":3}},"loc":{"start":{"line":86,"column":17},"end":{"line":106,"column":3}},"line":86},"3":{"name":"(anonymous_3)","decl":{"start":{"line":111,"column":2},"end":{"line":111,"column":3}},"loc":{"start":{"line":111,"column":18},"end":{"line":129,"column":3}},"line":111},"4":{"name":"(anonymous_4)","decl":{"start":{"line":134,"column":2},"end":{"line":134,"column":3}},"loc":{"start":{"line":134,"column":20},"end":{"line":143,"column":3}},"line":134},"5":{"name":"(anonymous_5)","decl":{"start":{"line":151,"column":2},"end":{"line":151,"column":3}},"loc":{"start":{"line":151,"column":31},"end":{"line":175,"column":3}},"line":151},"6":{"name":"(anonymous_6)","decl":{"start":{"line":184,"column":2},"end":{"line":184,"column":3}},"loc":{"start":{"line":184,"column":43},"end":{"line":206,"column":3}},"line":184},"7":{"name":"(anonymous_7)","decl":{"start":{"line":211,"column":2},"end":{"line":211,"column":3}},"loc":{"start":{"line":211,"column":47},"end":{"line":231,"column":3}},"line":211},"8":{"name":"(anonymous_8)","decl":{"start":{"line":236,"column":2},"end":{"line":236,"column":3}},"loc":{"start":{"line":236,"column":48},"end":{"line":257,"column":3}},"line":236},"9":{"name":"(anonymous_9)","decl":{"start":{"line":262,"column":2},"end":{"line":262,"column":3}},"loc":{"start":{"line":262,"column":48},"end":{"line":285,"column":3}},"line":262},"10":{"name":"(anonymous_10)","decl":{"start":{"line":292,"column":2},"end":{"line":292,"column":3}},"loc":{"start":{"line":292,"column":24},"end":{"line":310,"column":3}},"line":292},"11":{"name":"(anonymous_11)","decl":{"start":{"line":317,"column":2},"end":{"line":317,"column":3}},"loc":{"start":{"line":317,"column":22},"end":{"line":325,"column":3}},"line":317},"12":{"name":"(anonymous_12)","decl":{"start":{"line":332,"column":2},"end":{"line":332,"column":3}},"loc":{"start":{"line":332,"column":26},"end":{"line":353,"column":3}},"line":332}},"branchMap":{"0":{"loc":{"start":{"line":49,"column":14},"end":{"line":49,"column":64}},"type":"default-arg","locations":[{"start":{"line":49,"column":25},"end":{"line":49,"column":64}}],"line":49},"1":{"loc":{"start":{"line":49,"column":25},"end":{"line":49,"column":64}},"type":"binary-expr","locations":[{"start":{"line":49,"column":25},"end":{"line":49,"column":53}},{"start":{"line":49,"column":57},"end":{"line":49,"column":64}}],"line":49},"2":{"loc":{"start":{"line":53,"column":18},"end":{"line":53,"column":43}},"type":"binary-expr","locations":[{"start":{"line":53,"column":18},"end":{"line":53,"column":37}},{"start":{"line":53,"column":41},"end":{"line":53,"column":43}}],"line":53},"3":{"loc":{"start":{"line":54,"column":23},"end":{"line":54,"column":70}},"type":"binary-expr","locations":[{"start":{"line":54,"column":23},"end":{"line":54,"column":58}},{"start":{"line":54,"column":62},"end":{"line":54,"column":70}}],"line":54},"4":{"loc":{"start":{"line":65,"column":6},"end":{"line":73,"column":7}},"type":"if","locations":[{"start":{"line":65,"column":6},"end":{"line":73,"column":7}},{"start":{"line":67,"column":13},"end":{"line":73,"column":7}}],"line":65},"5":{"loc":{"start":{"line":67,"column":13},"end":{"line":73,"column":7}},"type":"if","locations":[{"start":{"line":67,"column":13},"end":{"line":73,"column":7}},{"start":{"line":69,"column":13},"end":{"line":73,"column":7}}],"line":67},"6":{"loc":{"start":{"line":69,"column":13},"end":{"line":73,"column":7}},"type":"if","locations":[{"start":{"line":69,"column":13},"end":{"line":73,"column":7}},{"start":{"line":71,"column":13},"end":{"line":73,"column":7}}],"line":69},"7":{"loc":{"start":{"line":92,"column":14},"end":{"line":92,"column":54}},"type":"binary-expr","locations":[{"start":{"line":92,"column":14},"end":{"line":92,"column":39}},{"start":{"line":92,"column":43},"end":{"line":92,"column":54}}],"line":92},"8":{"loc":{"start":{"line":95,"column":4},"end":{"line":97,"column":5}},"type":"if","locations":[{"start":{"line":95,"column":4},"end":{"line":97,"column":5}},{"start":{},"end":{}}],"line":95},"9":{"loc":{"start":{"line":95,"column":8},"end":{"line":95,"column":58}},"type":"binary-expr","locations":[{"start":{"line":95,"column":8},"end":{"line":95,"column":29}},{"start":{"line":95,"column":33},"end":{"line":95,"column":58}}],"line":95},"10":{"loc":{"start":{"line":103,"column":4},"end":{"line":105,"column":5}},"type":"if","locations":[{"start":{"line":103,"column":4},"end":{"line":105,"column":5}},{"start":{},"end":{}}],"line":103},"11":{"loc":{"start":{"line":119,"column":4},"end":{"line":121,"column":5}},"type":"if","locations":[{"start":{"line":119,"column":4},"end":{"line":121,"column":5}},{"start":{},"end":{}}],"line":119},"12":{"loc":{"start":{"line":126,"column":4},"end":{"line":128,"column":5}},"type":"if","locations":[{"start":{"line":126,"column":4},"end":{"line":128,"column":5}},{"start":{},"end":{}}],"line":126},"13":{"loc":{"start":{"line":135,"column":22},"end":{"line":135,"column":65}},"type":"binary-expr","locations":[{"start":{"line":135,"column":22},"end":{"line":135,"column":50}},{"start":{"line":135,"column":54},"end":{"line":135,"column":65}}],"line":135},"14":{"loc":{"start":{"line":137,"column":4},"end":{"line":140,"column":5}},"type":"if","locations":[{"start":{"line":137,"column":4},"end":{"line":140,"column":5}},{"start":{},"end":{}}],"line":137},"15":{"loc":{"start":{"line":154,"column":4},"end":{"line":156,"column":5}},"type":"if","locations":[{"start":{"line":154,"column":4},"end":{"line":156,"column":5}},{"start":{},"end":{}}],"line":154},"16":{"loc":{"start":{"line":160,"column":4},"end":{"line":165,"column":5}},"type":"if","locations":[{"start":{"line":160,"column":4},"end":{"line":165,"column":5}},{"start":{},"end":{}}],"line":160},"17":{"loc":{"start":{"line":167,"column":4},"end":{"line":172,"column":5}},"type":"if","locations":[{"start":{"line":167,"column":4},"end":{"line":172,"column":5}},{"start":{},"end":{}}],"line":167},"18":{"loc":{"start":{"line":184,"column":29},"end":{"line":184,"column":41}},"type":"default-arg","locations":[{"start":{"line":184,"column":39},"end":{"line":184,"column":41}}],"line":184},"19":{"loc":{"start":{"line":185,"column":4},"end":{"line":187,"column":5}},"type":"if","locations":[{"start":{"line":185,"column":4},"end":{"line":187,"column":5}},{"start":{},"end":{}}],"line":185},"20":{"loc":{"start":{"line":192,"column":6},"end":{"line":198,"column":7}},"type":"if","locations":[{"start":{"line":192,"column":6},"end":{"line":198,"column":7}},{"start":{"line":194,"column":13},"end":{"line":198,"column":7}}],"line":192},"21":{"loc":{"start":{"line":194,"column":13},"end":{"line":198,"column":7}},"type":"if","locations":[{"start":{"line":194,"column":13},"end":{"line":198,"column":7}},{"start":{"line":196,"column":13},"end":{"line":198,"column":7}}],"line":194},"22":{"loc":{"start":{"line":196,"column":13},"end":{"line":198,"column":7}},"type":"if","locations":[{"start":{"line":196,"column":13},"end":{"line":198,"column":7}},{"start":{},"end":{}}],"line":196},"23":{"loc":{"start":{"line":211,"column":33},"end":{"line":211,"column":45}},"type":"default-arg","locations":[{"start":{"line":211,"column":43},"end":{"line":211,"column":45}}],"line":211},"24":{"loc":{"start":{"line":236,"column":34},"end":{"line":236,"column":46}},"type":"default-arg","locations":[{"start":{"line":236,"column":44},"end":{"line":236,"column":46}}],"line":236},"25":{"loc":{"start":{"line":262,"column":34},"end":{"line":262,"column":46}},"type":"default-arg","locations":[{"start":{"line":262,"column":44},"end":{"line":262,"column":46}}],"line":262},"26":{"loc":{"start":{"line":265,"column":4},"end":{"line":267,"column":5}},"type":"if","locations":[{"start":{"line":265,"column":4},"end":{"line":267,"column":5}},{"start":{},"end":{}}],"line":265},"27":{"loc":{"start":{"line":274,"column":16},"end":{"line":276,"column":40}},"type":"cond-expr","locations":[{"start":{"line":275,"column":8},"end":{"line":275,"column":46}},{"start":{"line":276,"column":8},"end":{"line":276,"column":40}}],"line":274},"28":{"loc":{"start":{"line":294,"column":6},"end":{"line":303,"column":7}},"type":"if","locations":[{"start":{"line":294,"column":6},"end":{"line":303,"column":7}},{"start":{"line":296,"column":13},"end":{"line":303,"column":7}}],"line":294},"29":{"loc":{"start":{"line":296,"column":13},"end":{"line":303,"column":7}},"type":"if","locations":[{"start":{"line":296,"column":13},"end":{"line":303,"column":7}},{"start":{"line":298,"column":13},"end":{"line":303,"column":7}}],"line":296},"30":{"loc":{"start":{"line":298,"column":13},"end":{"line":303,"column":7}},"type":"if","locations":[{"start":{"line":298,"column":13},"end":{"line":303,"column":7}},{"start":{},"end":{}}],"line":298},"31":{"loc":{"start":{"line":300,"column":8},"end":{"line":302,"column":9}},"type":"if","locations":[{"start":{"line":300,"column":8},"end":{"line":302,"column":9}},{"start":{},"end":{}}],"line":300},"32":{"loc":{"start":{"line":318,"column":4},"end":{"line":324,"column":5}},"type":"if","locations":[{"start":{"line":318,"column":4},"end":{"line":324,"column":5}},{"start":{"line":320,"column":11},"end":{"line":324,"column":5}}],"line":318},"33":{"loc":{"start":{"line":320,"column":11},"end":{"line":324,"column":5}},"type":"if","locations":[{"start":{"line":320,"column":11},"end":{"line":324,"column":5}},{"start":{"line":322,"column":11},"end":{"line":324,"column":5}}],"line":320},"34":{"loc":{"start":{"line":322,"column":11},"end":{"line":324,"column":5}},"type":"if","locations":[{"start":{"line":322,"column":11},"end":{"line":324,"column":5}},{"start":{},"end":{}}],"line":322},"35":{"loc":{"start":{"line":323,"column":13},"end":{"line":323,"column":78}},"type":"cond-expr","locations":[{"start":{"line":323,"column":27},"end":{"line":323,"column":54}},{"start":{"line":323,"column":57},"end":{"line":323,"column":78}}],"line":323},"36":{"loc":{"start":{"line":334,"column":6},"end":{"line":348,"column":7}},"type":"if","locations":[{"start":{"line":334,"column":6},"end":{"line":348,"column":7}},{"start":{"line":339,"column":13},"end":{"line":348,"column":7}}],"line":334},"37":{"loc":{"start":{"line":338,"column":15},"end":{"line":338,"column":36}},"type":"binary-expr","locations":[{"start":{"line":338,"column":15},"end":{"line":338,"column":30}},{"start":{"line":338,"column":34},"end":{"line":338,"column":36}}],"line":338},"38":{"loc":{"start":{"line":339,"column":13},"end":{"line":348,"column":7}},"type":"if","locations":[{"start":{"line":339,"column":13},"end":{"line":348,"column":7}},{"start":{"line":342,"column":13},"end":{"line":348,"column":7}}],"line":339},"39":{"loc":{"start":{"line":342,"column":13},"end":{"line":348,"column":7}},"type":"if","locations":[{"start":{"line":342,"column":13},"end":{"line":348,"column":7}},{"start":{},"end":{}}],"line":342},"40":{"loc":{"start":{"line":344,"column":8},"end":{"line":346,"column":9}},"type":"if","locations":[{"start":{"line":344,"column":8},"end":{"line":346,"column":9}},{"start":{},"end":{}}],"line":344}},"s":{"0":0,"1":0,"2":0,"3":0,"4":0,"5":0,"6":0,"7":0,"8":0,"9":0,"10":0,"11":0,"12":0,"13":0,"14":0,"15":0,"16":0,"17":0,"18":0,"19":0,"20":0,"21":0,"22":0,"23":0,"24":0,"25":0,"26":0,"27":0,"28":0,"29":0,"30":0,"31":0,"32":0,"33":0,"34":0,"35":0,"36":0,"37":0,"38":0,"39":0,"40":0,"41":0,"42":0,"43":0,"44":0,"45":0,"46":0,"47":0,"48":0,"49":0,"50":0,"51":0,"52":0,"53":0,"54":0,"55":0,"56":0,"57":0,"58":0,"59":0,"60":0,"61":0,"62":0,"63":0,"64":0,"65":0,"66":0,"67":0,"68":0,"69":0,"70":0,"71":0,"72":0,"73":0,"74":0,"75":0,"76":0,"77":0,"78":0,"79":0,"80":0,"81":0,"82":0,"83":0,"84":0,"85":0,"86":0,"87":0,"88":0,"89":0,"90":0,"91":0,"92":0,"93":0,"94":0,"95":0,"96":0,"97":0,"98":0,"99":0,"100":0,"101":0,"102":0,"103":0,"104":0,"105":0,"106":0,"107":0,"108":0,"109":0,"110":0,"111":0,"112":0,"113":0,"114":0,"115":0},"f":{"0":0,"1":0,"2":0,"3":0,"4":0,"5":0,"6":0,"7":0,"8":0,"9":0,"10":0,"11":0,"12":0},"b":{"0":[0],"1":[0,0],"2":[0,0],"3":[0,0],"4":[0,0],"5":[0,0],"6":[0,0],"7":[0,0],"8":[0,0],"9":[0,0],"10":[0,0],"11":[0,0],"12":[0,0],"13":[0,0],"14":[0,0],"15":[0,0],"16":[0,0],"17":[0,0],"18":[0],"19":[0,0],"20":[0,0],"21":[0,0],"22":[0,0],"23":[0],"24":[0],"25":[0],"26":[0,0],"27":[0,0],"28":[0,0],"29":[0,0],"30":[0,0],"31":[0,0],"32":[0,0],"33":[0,0],"34":[0,0],"35":[0,0],"36":[0,0],"37":[0,0],"38":[0,0],"39":[0,0],"40":[0,0]},"inputSourceMap":null}
,"/workspaces/Rtechwebsite-/utils/helpers.js": {"path":"/workspaces/Rtechwebsite-/utils/helpers.js","statementMap":{"0":{"start":{"line":1,"column":17},"end":{"line":1,"column":36}},"1":{"start":{"line":2,"column":12},"end":{"line":2,"column":35}},"2":{"start":{"line":3,"column":15},"end":{"line":3,"column":32}},"3":{"start":{"line":7,"column":15},"end":{"line":7,"column":41}},"4":{"start":{"line":8,"column":2},"end":{"line":8,"column":45}},"5":{"start":{"line":13,"column":2},"end":{"line":13,"column":48}},"6":{"start":{"line":18,"column":2},"end":{"line":26,"column":4}},"7":{"start":{"line":31,"column":2},"end":{"line":35,"column":3}},"8":{"start":{"line":32,"column":4},"end":{"line":32,"column":37}},"9":{"start":{"line":34,"column":4},"end":{"line":34,"column":16}},"10":{"start":{"line":40,"column":2},"end":{"line":40,"column":72}},"11":{"start":{"line":45,"column":2},"end":{"line":45,"column":64}},"12":{"start":{"line":50,"column":21},"end":{"line":50,"column":49}},"13":{"start":{"line":51,"column":2},"end":{"line":51,"column":32}},"14":{"start":{"line":56,"column":21},"end":{"line":56,"column":34}},"15":{"start":{"line":57,"column":2},"end":{"line":57,"column":54}},"16":{"start":{"line":62,"column":37},"end":{"line":62,"column":41}},"17":{"start":{"line":63,"column":2},"end":{"line":63,"column":19}},"18":{"start":{"line":68,"column":15},"end":{"line":68,"column":33}},"19":{"start":{"line":69,"column":2},"end":{"line":77,"column":4}},"20":{"start":{"line":80,"column":0},"end":{"line":91,"column":2}}},"fnMap":{"0":{"name":"hashPassword","decl":{"start":{"line":6,"column":15},"end":{"line":6,"column":27}},"loc":{"start":{"line":6,"column":38},"end":{"line":9,"column":1}},"line":6},"1":{"name":"verifyPassword","decl":{"start":{"line":12,"column":15},"end":{"line":12,"column":29}},"loc":{"start":{"line":12,"column":46},"end":{"line":14,"column":1}},"line":12},"2":{"name":"generateToken","decl":{"start":{"line":17,"column":9},"end":{"line":17,"column":22}},"loc":{"start":{"line":17,"column":55},"end":{"line":27,"column":1}},"line":17},"3":{"name":"verifyToken","decl":{"start":{"line":30,"column":9},"end":{"line":30,"column":20}},"loc":{"start":{"line":30,"column":36},"end":{"line":36,"column":1}},"line":30},"4":{"name":"generateId","decl":{"start":{"line":39,"column":9},"end":{"line":39,"column":19}},"loc":{"start":{"line":39,"column":22},"end":{"line":41,"column":1}},"line":39},"5":{"name":"generateOTP","decl":{"start":{"line":44,"column":9},"end":{"line":44,"column":20}},"loc":{"start":{"line":44,"column":23},"end":{"line":46,"column":1}},"line":44},"6":{"name":"isValidEmail","decl":{"start":{"line":49,"column":9},"end":{"line":49,"column":21}},"loc":{"start":{"line":49,"column":29},"end":{"line":52,"column":1}},"line":49},"7":{"name":"isValidPhone","decl":{"start":{"line":55,"column":9},"end":{"line":55,"column":21}},"loc":{"start":{"line":55,"column":29},"end":{"line":58,"column":1}},"line":55},"8":{"name":"sanitizeUser","decl":{"start":{"line":61,"column":9},"end":{"line":61,"column":21}},"loc":{"start":{"line":61,"column":28},"end":{"line":64,"column":1}},"line":61},"9":{"name":"paginate","decl":{"start":{"line":67,"column":9},"end":{"line":67,"column":17}},"loc":{"start":{"line":67,"column":47},"end":{"line":78,"column":1}},"line":67}},"branchMap":{"0":{"loc":{"start":{"line":17,"column":37},"end":{"line":17,"column":53}},"type":"default-arg","locations":[{"start":{"line":17,"column":49},"end":{"line":17,"column":53}}],"line":17},"1":{"loc":{"start":{"line":67,"column":25},"end":{"line":67,"column":33}},"type":"default-arg","locations":[{"start":{"line":67,"column":32},"end":{"line":67,"column":33}}],"line":67},"2":{"loc":{"start":{"line":67,"column":35},"end":{"line":67,"column":45}},"type":"default-arg","locations":[{"start":{"line":67,"column":43},"end":{"line":67,"column":45}}],"line":67}},"s":{"0":0,"1":0,"2":0,"3":0,"4":0,"5":0,"6":0,"7":0,"8":0,"9":0,"10":0,"11":0,"12":0,"13":0,"14":0,"15":0,"16":0,"17":0,"18":0,"19":0,"20":0},"f":{"0":0,"1":0,"2":0,"3":0,"4":0,"5":0,"6":0,"7":0,"8":0,"9":0},"b":{"0":[0],"1":[0],"2":[0]},"inputSourceMap":null}
}
