TN:
SF:server.js
FN:60,initializeInfrastructure
FN:111,(anonymous_1)
FN:119,(anonymous_2)
FN:127,(anonymous_3)
FN:210,generateToken
FN:219,generateId
FN:224,hashPassword
FN:230,verifyPassword
FN:237,verifyToken
FN:260,verifyAdmin
FN:274,validateRequest
FN:275,(anonymous_11)
FN:289,(anonymous_12)
FN:301,(anonymous_13)
FN:314,(anonymous_14)
FN:361,(anonymous_15)
FN:374,(anonymous_16)
FN:414,(anonymous_17)
FN:449,(anonymous_18)
FN:483,(anonymous_19)
FN:517,(anonymous_20)
FN:519,(anonymous_21)
FN:544,(anonymous_22)
FN:547,(anonymous_23)
FN:586,(anonymous_24)
FN:588,(anonymous_25)
FN:609,(anonymous_26)
FN:627,(anonymous_27)
FN:650,(anonymous_28)
FN:677,(anonymous_29)
FN:679,(anonymous_30)
FN:701,(anonymous_31)
FN:704,(anonymous_32)
FN:741,(anonymous_33)
FN:743,(anonymous_34)
FN:776,(anonymous_35)
FN:778,(anonymous_36)
FN:803,(anonymous_37)
FN:806,(anonymous_38)
FN:818,(anonymous_39)
FN:842,(anonymous_40)
FN:861,(anonymous_41)
FN:884,(anonymous_42)
FN:911,(anonymous_43)
FN:913,(anonymous_44)
FN:938,(anonymous_45)
FN:941,(anonymous_46)
FN:977,(anonymous_47)
FN:979,(anonymous_48)
FN:1014,(anonymous_49)
FN:1056,(anonymous_50)
FN:1083,(anonymous_51)
FN:1085,(anonymous_52)
FN:1107,(anonymous_53)
FN:1110,(anonymous_54)
FN:1141,(anonymous_55)
FN:1143,(anonymous_56)
FN:1168,(anonymous_57)
FN:1170,(anonymous_58)
FN:1207,(anonymous_59)
FN:1246,(anonymous_60)
FN:1264,(anonymous_61)
FN:1266,(anonymous_62)
FN:1290,(anonymous_63)
FN:1316,(anonymous_64)
FN:1333,(anonymous_65)
FN:1357,(anonymous_66)
FN:1375,(anonymous_67)
FN:1418,(anonymous_68)
FN:1445,(anonymous_69)
FN:1462,(anonymous_70)
FN:1474,startServer
FN:1483,(anonymous_72)
FN:1520,startHttpServer
FN:1521,(anonymous_74)
FN:1552,(anonymous_75)
FNF:76
FNH:0
FNDA:0,initializeInfrastructure
FNDA:0,(anonymous_1)
FNDA:0,(anonymous_2)
FNDA:0,(anonymous_3)
FNDA:0,generateToken
FNDA:0,generateId
FNDA:0,hashPassword
FNDA:0,verifyPassword
FNDA:0,verifyToken
FNDA:0,verifyAdmin
FNDA:0,validateRequest
FNDA:0,(anonymous_11)
FNDA:0,(anonymous_12)
FNDA:0,(anonymous_13)
FNDA:0,(anonymous_14)
FNDA:0,(anonymous_15)
FNDA:0,(anonymous_16)
FNDA:0,(anonymous_17)
FNDA:0,(anonymous_18)
FNDA:0,(anonymous_19)
FNDA:0,(anonymous_20)
FNDA:0,(anonymous_21)
FNDA:0,(anonymous_22)
FNDA:0,(anonymous_23)
FNDA:0,(anonymous_24)
FNDA:0,(anonymous_25)
FNDA:0,(anonymous_26)
FNDA:0,(anonymous_27)
FNDA:0,(anonymous_28)
FNDA:0,(anonymous_29)
FNDA:0,(anonymous_30)
FNDA:0,(anonymous_31)
FNDA:0,(anonymous_32)
FNDA:0,(anonymous_33)
FNDA:0,(anonymous_34)
FNDA:0,(anonymous_35)
FNDA:0,(anonymous_36)
FNDA:0,(anonymous_37)
FNDA:0,(anonymous_38)
FNDA:0,(anonymous_39)
FNDA:0,(anonymous_40)
FNDA:0,(anonymous_41)
FNDA:0,(anonymous_42)
FNDA:0,(anonymous_43)
FNDA:0,(anonymous_44)
FNDA:0,(anonymous_45)
FNDA:0,(anonymous_46)
FNDA:0,(anonymous_47)
FNDA:0,(anonymous_48)
FNDA:0,(anonymous_49)
FNDA:0,(anonymous_50)
FNDA:0,(anonymous_51)
FNDA:0,(anonymous_52)
FNDA:0,(anonymous_53)
FNDA:0,(anonymous_54)
FNDA:0,(anonymous_55)
FNDA:0,(anonymous_56)
FNDA:0,(anonymous_57)
FNDA:0,(anonymous_58)
FNDA:0,(anonymous_59)
FNDA:0,(anonymous_60)
FNDA:0,(anonymous_61)
FNDA:0,(anonymous_62)
FNDA:0,(anonymous_63)
FNDA:0,(anonymous_64)
FNDA:0,(anonymous_65)
FNDA:0,(anonymous_66)
FNDA:0,(anonymous_67)
FNDA:0,(anonymous_68)
FNDA:0,(anonymous_69)
FNDA:0,(anonymous_70)
FNDA:0,startServer
FNDA:0,(anonymous_72)
FNDA:0,startHttpServer
FNDA:0,(anonymous_74)
FNDA:0,(anonymous_75)
DA:1,0
DA:2,0
DA:3,0
DA:4,0
DA:5,0
DA:6,0
DA:7,0
DA:8,0
DA:9,0
DA:12,0
DA:15,0
DA:16,0
DA:17,0
DA:18,0
DA:24,0
DA:31,0
DA:34,0
DA:35,0
DA:36,0
DA:37,0
DA:38,0
DA:39,0
DA:40,0
DA:41,0
DA:44,0
DA:45,0
DA:46,0
DA:47,0
DA:48,0
DA:51,0
DA:54,0
DA:61,0
DA:62,0
DA:65,0
DA:66,0
DA:67,0
DA:68,0
DA:69,0
DA:71,0
DA:72,0
DA:76,0
DA:77,0
DA:78,0
DA:80,0
DA:81,0
DA:85,0
DA:86,0
DA:87,0
DA:89,0
DA:90,0
DA:94,0
DA:95,0
DA:96,0
DA:98,0
DA:99,0
DA:103,0
DA:104,0
DA:105,0
DA:107,0
DA:111,0
DA:112,0
DA:113,0
DA:115,0
DA:119,0
DA:120,0
DA:121,0
DA:123,0
DA:127,0
DA:128,0
DA:129,0
DA:131,0
DA:136,0
DA:137,0
DA:139,0
DA:142,0
DA:143,0
DA:151,0
DA:154,0
DA:157,0
DA:160,0
DA:161,0
DA:164,0
DA:167,0
DA:175,0
DA:182,0
DA:183,0
DA:184,0
DA:187,0
DA:188,0
DA:191,0
DA:194,0
DA:197,0
DA:198,0
DA:199,0
DA:200,0
DA:201,0
DA:202,0
DA:203,0
DA:204,0
DA:205,0
DA:211,0
DA:220,0
DA:225,0
DA:226,0
DA:231,0
DA:238,0
DA:240,0
DA:241,0
DA:247,0
DA:248,0
DA:249,0
DA:250,0
DA:252,0
DA:261,0
DA:262,0
DA:264,0
DA:275,0
DA:276,0
DA:277,0
DA:278,0
DA:283,0
DA:284,0
DA:289,0
DA:290,0
DA:291,0
DA:301,0
DA:302,0
DA:303,0
DA:306,0
DA:307,0
DA:314,0
DA:315,0
DA:322,0
DA:325,0
DA:336,0
DA:339,0
DA:341,0
DA:353,0
DA:361,0
DA:362,0
DA:363,0
DA:366,0
DA:367,0
DA:374,0
DA:375,0
DA:376,0
DA:383,0
DA:384,0
DA:385,0
DA:392,0
DA:394,0
DA:406,0
DA:414,0
DA:415,0
DA:416,0
DA:419,0
DA:420,0
DA:426,0
DA:428,0
DA:436,0
DA:441,0
DA:449,0
DA:450,0
DA:451,0
DA:453,0
DA:454,0
DA:461,0
DA:464,0
DA:475,0
DA:483,0
DA:484,0
DA:485,0
DA:487,0
DA:488,0
DA:495,0
DA:496,0
DA:501,0
DA:507,0
DA:517,0
DA:518,0
DA:519,0
DA:521,0
DA:522,0
DA:529,0
DA:531,0
DA:536,0
DA:544,0
DA:545,0
DA:546,0
DA:547,0
DA:549,0
DA:550,0
DA:557,0
DA:558,0
DA:565,0
DA:566,0
DA:567,0
DA:568,0
DA:570,0
DA:572,0
DA:578,0
DA:586,0
DA:587,0
DA:588,0
DA:589,0
DA:590,0
DA:593,0
DA:599,0
DA:609,0
DA:610,0
DA:611,0
DA:613,0
DA:614,0
DA:620,0
DA:627,0
DA:634,0
DA:636,0
DA:642,0
DA:650,0
DA:651,0
DA:652,0
DA:653,0
DA:654,0
DA:656,0
DA:658,0
DA:669,0
DA:677,0
DA:678,0
DA:679,0
DA:681,0
DA:682,0
DA:688,0
DA:693,0
DA:701,0
DA:702,0
DA:703,0
DA:704,0
DA:706,0
DA:707,0
DA:714,0
DA:715,0
DA:721,0
DA:722,0
DA:723,0
DA:724,0
DA:725,0
DA:727,0
DA:733,0
DA:741,0
DA:742,0
DA:743,0
DA:745,0
DA:746,0
DA:753,0
DA:754,0
DA:760,0
DA:762,0
DA:768,0
DA:776,0
DA:777,0
DA:778,0
DA:780,0
DA:781,0
DA:787,0
DA:789,0
DA:795,0
DA:803,0
DA:804,0
DA:805,0
DA:806,0
DA:808,0
DA:809,0
DA:815,0
DA:818,0
DA:823,0
DA:824,0
DA:826,0
DA:832,0
DA:842,0
DA:843,0
DA:844,0
DA:846,0
DA:847,0
DA:853,0
DA:861,0
DA:868,0
DA:870,0
DA:876,0
DA:884,0
DA:885,0
DA:886,0
DA:887,0
DA:888,0
DA:890,0
DA:892,0
DA:903,0
DA:911,0
DA:912,0
DA:913,0
DA:915,0
DA:916,0
DA:923,0
DA:925,0
DA:930,0
DA:938,0
DA:939,0
DA:940,0
DA:941,0
DA:943,0
DA:944,0
DA:951,0
DA:952,0
DA:958,0
DA:959,0
DA:960,0
DA:961,0
DA:963,0
DA:969,0
DA:977,0
DA:978,0
DA:979,0
DA:981,0
DA:982,0
DA:989,0
DA:990,0
DA:996,0
DA:998,0
DA:1004,0
DA:1014,0
DA:1015,0
DA:1016,0
DA:1018,0
DA:1019,0
DA:1025,0
DA:1040,0
DA:1042,0
DA:1048,0
DA:1056,0
DA:1057,0
DA:1058,0
DA:1059,0
DA:1060,0
DA:1062,0
DA:1064,0
DA:1075,0
DA:1083,0
DA:1084,0
DA:1085,0
DA:1087,0
DA:1088,0
DA:1094,0
DA:1099,0
DA:1107,0
DA:1108,0
DA:1109,0
DA:1110,0
DA:1112,0
DA:1113,0
DA:1119,0
DA:1120,0
DA:1121,0
DA:1122,0
DA:1123,0
DA:1124,0
DA:1125,0
DA:1127,0
DA:1133,0
DA:1141,0
DA:1142,0
DA:1143,0
DA:1145,0
DA:1146,0
DA:1152,0
DA:1154,0
DA:1160,0
DA:1168,0
DA:1169,0
DA:1170,0
DA:1172,0
DA:1173,0
DA:1179,0
DA:1188,0
DA:1189,0
DA:1191,0
DA:1197,0
DA:1207,0
DA:1208,0
DA:1209,0
DA:1211,0
DA:1212,0
DA:1219,0
DA:1230,0
DA:1232,0
DA:1238,0
DA:1246,0
DA:1247,0
DA:1248,0
DA:1254,0
DA:1264,0
DA:1265,0
DA:1266,0
DA:1268,0
DA:1282,0
DA:1290,0
DA:1291,0
DA:1292,0
DA:1294,0
DA:1302,0
DA:1308,0
DA:1316,0
DA:1317,0
DA:1318,0
DA:1323,0
DA:1333,0
DA:1334,0
DA:1335,0
DA:1336,0
DA:1338,0
DA:1347,0
DA:1357,0
DA:1358,0
DA:1359,0
DA:1360,0
DA:1366,0
DA:1375,0
DA:1376,0
DA:1377,0
DA:1378,0
DA:1385,0
DA:1386,0
DA:1387,0
DA:1394,0
DA:1398,0
DA:1408,0
DA:1409,0
DA:1418,0
DA:1419,0
DA:1420,0
DA:1422,0
DA:1430,0
DA:1432,0
DA:1437,0
DA:1445,0
DA:1446,0
DA:1447,0
DA:1453,0
DA:1462,0
DA:1463,0
DA:1472,0
DA:1476,0
DA:1479,0
DA:1480,0
DA:1481,0
DA:1482,0
DA:1483,0
DA:1484,0
DA:1512,0
DA:1513,0
DA:1516,0
DA:1521,0
DA:1522,0
DA:1552,0
DA:1553,0
DA:1554,0
DA:1555,0
DA:1558,0
LF:466
LH:0
BRDA:54,0,0,0
BRDA:54,0,1,0
BRDA:240,1,0,0
BRDA:240,1,1,0
BRDA:261,2,0,0
BRDA:261,2,1,0
BRDA:261,3,0,0
BRDA:261,3,1,0
BRDA:277,4,0,0
BRDA:277,4,1,0
BRDA:291,5,0,0
BRDA:291,5,1,0
BRDA:293,6,0,0
BRDA:293,6,1,0
BRDA:294,7,0,0
BRDA:294,7,1,0
BRDA:306,8,0,0
BRDA:306,8,1,0
BRDA:306,9,0,0
BRDA:306,9,1,0
BRDA:306,9,2,0
BRDA:306,9,3,0
BRDA:314,10,0,0
BRDA:314,10,1,0
BRDA:366,11,0,0
BRDA:366,11,1,0
BRDA:366,12,0,0
BRDA:366,12,1,0
BRDA:375,13,0,0
BRDA:375,13,1,0
BRDA:384,14,0,0
BRDA:384,14,1,0
BRDA:419,15,0,0
BRDA:419,15,1,0
BRDA:419,16,0,0
BRDA:419,16,1,0
BRDA:453,17,0,0
BRDA:453,17,1,0
BRDA:453,18,0,0
BRDA:453,18,1,0
BRDA:468,19,0,0
BRDA:468,19,1,0
BRDA:469,20,0,0
BRDA:469,20,1,0
BRDA:487,21,0,0
BRDA:487,21,1,0
BRDA:495,22,0,0
BRDA:495,22,1,0
BRDA:521,23,0,0
BRDA:521,23,1,0
BRDA:549,24,0,0
BRDA:549,24,1,0
BRDA:557,25,0,0
BRDA:557,25,1,0
BRDA:557,26,0,0
BRDA:557,26,1,0
BRDA:565,27,0,0
BRDA:565,27,1,0
BRDA:566,28,0,0
BRDA:566,28,1,0
BRDA:567,29,0,0
BRDA:567,29,1,0
BRDA:613,30,0,0
BRDA:613,30,1,0
BRDA:613,31,0,0
BRDA:613,31,1,0
BRDA:624,32,0,0
BRDA:624,32,1,0
BRDA:625,33,0,0
BRDA:625,33,1,0
BRDA:652,34,0,0
BRDA:652,34,1,0
BRDA:653,35,0,0
BRDA:653,35,1,0
BRDA:681,36,0,0
BRDA:681,36,1,0
BRDA:706,37,0,0
BRDA:706,37,1,0
BRDA:714,38,0,0
BRDA:714,38,1,0
BRDA:714,39,0,0
BRDA:714,39,1,0
BRDA:721,40,0,0
BRDA:721,40,1,0
BRDA:722,41,0,0
BRDA:722,41,1,0
BRDA:723,42,0,0
BRDA:723,42,1,0
BRDA:724,43,0,0
BRDA:724,43,1,0
BRDA:745,44,0,0
BRDA:745,44,1,0
BRDA:753,45,0,0
BRDA:753,45,1,0
BRDA:753,46,0,0
BRDA:753,46,1,0
BRDA:780,47,0,0
BRDA:780,47,1,0
BRDA:787,48,0,0
BRDA:787,48,1,0
BRDA:808,49,0,0
BRDA:808,49,1,0
BRDA:823,50,0,0
BRDA:823,50,1,0
BRDA:846,51,0,0
BRDA:846,51,1,0
BRDA:846,52,0,0
BRDA:846,52,1,0
BRDA:856,53,0,0
BRDA:856,53,1,0
BRDA:858,54,0,0
BRDA:858,54,1,0
BRDA:859,55,0,0
BRDA:859,55,1,0
BRDA:886,56,0,0
BRDA:886,56,1,0
BRDA:887,57,0,0
BRDA:887,57,1,0
BRDA:915,58,0,0
BRDA:915,58,1,0
BRDA:923,59,0,0
BRDA:923,59,1,0
BRDA:943,60,0,0
BRDA:943,60,1,0
BRDA:951,61,0,0
BRDA:951,61,1,0
BRDA:951,62,0,0
BRDA:951,62,1,0
BRDA:958,63,0,0
BRDA:958,63,1,0
BRDA:959,64,0,0
BRDA:959,64,1,0
BRDA:960,65,0,0
BRDA:960,65,1,0
BRDA:981,66,0,0
BRDA:981,66,1,0
BRDA:989,67,0,0
BRDA:989,67,1,0
BRDA:989,68,0,0
BRDA:989,68,1,0
BRDA:1018,69,0,0
BRDA:1018,69,1,0
BRDA:1018,70,0,0
BRDA:1018,70,1,0
BRDA:1028,71,0,0
BRDA:1028,71,1,0
BRDA:1030,72,0,0
BRDA:1030,72,1,0
BRDA:1031,73,0,0
BRDA:1031,73,1,0
BRDA:1032,74,0,0
BRDA:1032,74,1,0
BRDA:1033,75,0,0
BRDA:1033,75,1,0
BRDA:1058,76,0,0
BRDA:1058,76,1,0
BRDA:1059,77,0,0
BRDA:1059,77,1,0
BRDA:1087,78,0,0
BRDA:1087,78,1,0
BRDA:1112,79,0,0
BRDA:1112,79,1,0
BRDA:1119,80,0,0
BRDA:1119,80,1,0
BRDA:1120,81,0,0
BRDA:1120,81,1,0
BRDA:1121,82,0,0
BRDA:1121,82,1,0
BRDA:1122,83,0,0
BRDA:1122,83,1,0
BRDA:1123,84,0,0
BRDA:1123,84,1,0
BRDA:1124,85,0,0
BRDA:1124,85,1,0
BRDA:1145,86,0,0
BRDA:1145,86,1,0
BRDA:1172,87,0,0
BRDA:1172,87,1,0
BRDA:1189,88,0,0
BRDA:1189,88,1,0
BRDA:1211,89,0,0
BRDA:1211,89,1,0
BRDA:1211,90,0,0
BRDA:1211,90,1,0
BRDA:1211,90,2,0
BRDA:1278,91,0,0
BRDA:1278,91,1,0
BRDA:1295,92,0,0
BRDA:1295,92,1,0
BRDA:1296,93,0,0
BRDA:1296,93,1,0
BRDA:1297,94,0,0
BRDA:1297,94,1,0
BRDA:1298,95,0,0
BRDA:1298,95,1,0
BRDA:1377,96,0,0
BRDA:1377,96,1,0
BRDA:1386,97,0,0
BRDA:1386,97,1,0
BRDA:1395,98,0,0
BRDA:1395,98,1,0
BRDA:1403,99,0,0
BRDA:1403,99,1,0
BRDA:1472,100,0,0
BRDA:1472,100,1,0
BRDA:1479,101,0,0
BRDA:1479,101,1,0
BRDA:1479,102,0,0
BRDA:1479,102,1,0
BRDA:1490,103,0,0
BRDA:1490,103,1,0
BRDA:1493,104,0,0
BRDA:1493,104,1,0
BRDA:1494,105,0,0
BRDA:1494,105,1,0
BRDA:1528,106,0,0
BRDA:1528,106,1,0
BRDA:1531,107,0,0
BRDA:1531,107,1,0
BRDA:1532,108,0,0
BRDA:1532,108,1,0
BRF:221
BRH:0
end_of_record
TN:
SF:api/client.js
FN:7,(anonymous_0)
FN:19,(anonymous_1)
FN:28,(anonymous_2)
FN:35,(anonymous_3)
FN:44,(anonymous_4)
FN:72,(anonymous_5)
FN:79,(anonymous_6)
FN:89,(anonymous_7)
FN:99,(anonymous_8)
FN:106,(anonymous_9)
FN:122,(anonymous_10)
FN:130,(anonymous_11)
FN:134,(anonymous_12)
FN:139,(anonymous_13)
FN:147,(anonymous_14)
FN:157,(anonymous_15)
FN:161,(anonymous_16)
FN:165,(anonymous_17)
FN:169,(anonymous_18)
FN:173,(anonymous_19)
FN:179,(anonymous_20)
FN:183,(anonymous_21)
FN:187,(anonymous_22)
FN:191,(anonymous_23)
FN:195,(anonymous_24)
FN:199,(anonymous_25)
FN:205,(anonymous_26)
FN:209,(anonymous_27)
FN:213,(anonymous_28)
FN:217,(anonymous_29)
FN:221,(anonymous_30)
FN:227,(anonymous_31)
FN:231,(anonymous_32)
FN:235,(anonymous_33)
FN:241,(anonymous_34)
FN:245,(anonymous_35)
FN:249,(anonymous_36)
FN:255,(anonymous_37)
FN:259,(anonymous_38)
FN:263,(anonymous_39)
FN:269,(anonymous_40)
FN:273,(anonymous_41)
FN:277,(anonymous_42)
FN:281,(anonymous_43)
FN:287,(anonymous_44)
FN:291,(anonymous_45)
FN:295,(anonymous_46)
FN:299,(anonymous_47)
FNF:48
FNH:0
FNDA:0,(anonymous_0)
FNDA:0,(anonymous_1)
FNDA:0,(anonymous_2)
FNDA:0,(anonymous_3)
FNDA:0,(anonymous_4)
FNDA:0,(anonymous_5)
FNDA:0,(anonymous_6)
FNDA:0,(anonymous_7)
FNDA:0,(anonymous_8)
FNDA:0,(anonymous_9)
FNDA:0,(anonymous_10)
FNDA:0,(anonymous_11)
FNDA:0,(anonymous_12)
FNDA:0,(anonymous_13)
FNDA:0,(anonymous_14)
FNDA:0,(anonymous_15)
FNDA:0,(anonymous_16)
FNDA:0,(anonymous_17)
FNDA:0,(anonymous_18)
FNDA:0,(anonymous_19)
FNDA:0,(anonymous_20)
FNDA:0,(anonymous_21)
FNDA:0,(anonymous_22)
FNDA:0,(anonymous_23)
FNDA:0,(anonymous_24)
FNDA:0,(anonymous_25)
FNDA:0,(anonymous_26)
FNDA:0,(anonymous_27)
FNDA:0,(anonymous_28)
FNDA:0,(anonymous_29)
FNDA:0,(anonymous_30)
FNDA:0,(anonymous_31)
FNDA:0,(anonymous_32)
FNDA:0,(anonymous_33)
FNDA:0,(anonymous_34)
FNDA:0,(anonymous_35)
FNDA:0,(anonymous_36)
FNDA:0,(anonymous_37)
FNDA:0,(anonymous_38)
FNDA:0,(anonymous_39)
FNDA:0,(anonymous_40)
FNDA:0,(anonymous_41)
FNDA:0,(anonymous_42)
FNDA:0,(anonymous_43)
FNDA:0,(anonymous_44)
FNDA:0,(anonymous_45)
FNDA:0,(anonymous_46)
FNDA:0,(anonymous_47)
DA:8,0
DA:9,0
DA:10,0
DA:20,0
DA:21,0
DA:22,0
DA:29,0
DA:36,0
DA:37,0
DA:38,0
DA:45,0
DA:46,0
DA:54,0
DA:55,0
DA:57,0
DA:58,0
DA:59,0
DA:62,0
DA:64,0
DA:65,0
DA:73,0
DA:80,0
DA:90,0
DA:100,0
DA:107,0
DA:108,0
DA:110,0
DA:123,0
DA:124,0
DA:125,0
DA:127,0
DA:131,0
DA:135,0
DA:136,0
DA:140,0
DA:141,0
DA:142,0
DA:144,0
DA:148,0
DA:149,0
DA:150,0
DA:152,0
DA:158,0
DA:162,0
DA:166,0
DA:170,0
DA:174,0
DA:180,0
DA:184,0
DA:188,0
DA:192,0
DA:196,0
DA:200,0
DA:206,0
DA:210,0
DA:214,0
DA:218,0
DA:222,0
DA:228,0
DA:232,0
DA:236,0
DA:242,0
DA:246,0
DA:250,0
DA:256,0
DA:260,0
DA:264,0
DA:270,0
DA:274,0
DA:278,0
DA:282,0
DA:288,0
DA:292,0
DA:296,0
DA:300,0
DA:305,0
DA:307,0
LF:77
LH:0
BRDA:7,0,0,0
BRDA:44,1,0,0
BRDA:57,2,0,0
BRDA:57,2,1,0
BRDA:59,3,0,0
BRDA:59,3,1,0
BRDA:124,4,0,0
BRDA:124,4,1,0
BRDA:141,5,0,0
BRDA:141,5,1,0
BRDA:149,6,0,0
BRDA:149,6,1,0
BRDA:305,7,0,0
BRDA:305,7,1,0
BRF:14
BRH:0
end_of_record
TN:
SF:api/database-schema.js
FNF:0
FNH:0
DA:7,0
DA:30,0
DA:57,0
DA:83,0
DA:116,0
DA:143,0
DA:163,0
DA:204,0
DA:219,0
DA:232,0
LF:10
LH:0
BRF:0
BRH:0
end_of_record
TN:
SF:api/routes.js
FNF:0
FNH:0
DA:7,0
DA:106,0
LF:2
LH:0
BRF:0
BRH:0
end_of_record
TN:
SF:cache/redis-config.js
FN:38,(anonymous_0)
FN:48,(anonymous_1)
FN:57,(anonymous_2)
FN:78,(anonymous_3)
FN:83,(anonymous_4)
FN:88,(anonymous_5)
FN:92,(anonymous_6)
FN:106,(anonymous_7)
FN:107,(anonymous_8)
FN:109,(anonymous_9)
FN:125,(anonymous_10)
FN:126,(anonymous_11)
FN:127,(anonymous_12)
FN:150,(anonymous_13)
FN:151,(anonymous_14)
FN:153,(anonymous_15)
FN:168,(anonymous_16)
FN:169,(anonymous_17)
FN:170,(anonymous_18)
FN:185,(anonymous_19)
FN:186,(anonymous_20)
FN:187,(anonymous_21)
FN:202,(anonymous_22)
FN:203,(anonymous_23)
FN:204,(anonymous_24)
FN:213,(anonymous_25)
FN:230,(anonymous_26)
FN:231,(anonymous_27)
FN:232,(anonymous_28)
FN:246,(anonymous_29)
FN:247,(anonymous_30)
FN:248,(anonymous_31)
FN:262,(anonymous_32)
FN:263,(anonymous_33)
FN:264,(anonymous_34)
FN:274,(anonymous_35)
FN:285,(anonymous_36)
FN:295,(anonymous_37)
FN:305,(anonymous_38)
FN:314,(anonymous_39)
FN:327,cacheDecorator
FN:328,(anonymous_41)
FN:331,(anonymous_42)
FN:361,cacheMiddleware
FN:362,(anonymous_44)
FN:385,(anonymous_45)
FN:387,(anonymous_46)
FNF:47
FNH:0
FNDA:0,(anonymous_0)
FNDA:0,(anonymous_1)
FNDA:0,(anonymous_2)
FNDA:0,(anonymous_3)
FNDA:0,(anonymous_4)
FNDA:0,(anonymous_5)
FNDA:0,(anonymous_6)
FNDA:0,(anonymous_7)
FNDA:0,(anonymous_8)
FNDA:0,(anonymous_9)
FNDA:0,(anonymous_10)
FNDA:0,(anonymous_11)
FNDA:0,(anonymous_12)
FNDA:0,(anonymous_13)
FNDA:0,(anonymous_14)
FNDA:0,(anonymous_15)
FNDA:0,(anonymous_16)
FNDA:0,(anonymous_17)
FNDA:0,(anonymous_18)
FNDA:0,(anonymous_19)
FNDA:0,(anonymous_20)
FNDA:0,(anonymous_21)
FNDA:0,(anonymous_22)
FNDA:0,(anonymous_23)
FNDA:0,(anonymous_24)
FNDA:0,(anonymous_25)
FNDA:0,(anonymous_26)
FNDA:0,(anonymous_27)
FNDA:0,(anonymous_28)
FNDA:0,(anonymous_29)
FNDA:0,(anonymous_30)
FNDA:0,(anonymous_31)
FNDA:0,(anonymous_32)
FNDA:0,(anonymous_33)
FNDA:0,(anonymous_34)
FNDA:0,(anonymous_35)
FNDA:0,(anonymous_36)
FNDA:0,(anonymous_37)
FNDA:0,(anonymous_38)
FNDA:0,(anonymous_39)
FNDA:0,cacheDecorator
FNDA:0,(anonymous_41)
FNDA:0,(anonymous_42)
FNDA:0,cacheMiddleware
FNDA:0,(anonymous_44)
FNDA:0,(anonymous_45)
FNDA:0,(anonymous_46)
DA:13,0
DA:16,0
DA:25,0
DA:39,0
DA:40,0
DA:41,0
DA:49,0
DA:50,0
DA:51,0
DA:53,0
DA:58,0
DA:59,0
DA:61,0
DA:62,0
DA:64,0
DA:65,0
DA:67,0
DA:71,0
DA:72,0
DA:75,0
DA:78,0
DA:79,0
DA:80,0
DA:83,0
DA:84,0
DA:85,0
DA:88,0
DA:89,0
DA:92,0
DA:93,0
DA:94,0
DA:97,0
DA:98,0
DA:107,0
DA:108,0
DA:109,0
DA:110,0
DA:111,0
DA:112,0
DA:115,0
DA:126,0
DA:127,0
DA:128,0
DA:129,0
DA:130,0
DA:131,0
DA:132,0
DA:134,0
DA:137,0
DA:151,0
DA:152,0
DA:153,0
DA:154,0
DA:155,0
DA:157,0
DA:169,0
DA:170,0
DA:171,0
DA:172,0
DA:174,0
DA:186,0
DA:187,0
DA:188,0
DA:189,0
DA:191,0
DA:203,0
DA:204,0
DA:205,0
DA:206,0
DA:207,0
DA:209,0
DA:210,0
DA:211,0
DA:213,0
DA:214,0
DA:215,0
DA:217,0
DA:231,0
DA:232,0
DA:233,0
DA:234,0
DA:236,0
DA:247,0
DA:248,0
DA:249,0
DA:250,0
DA:252,0
DA:263,0
DA:264,0
DA:265,0
DA:275,0
DA:287,0
DA:296,0
DA:306,0
DA:315,0
DA:328,0
DA:329,0
DA:331,0
DA:332,0
DA:335,0
DA:336,0
DA:337,0
DA:338,0
DA:342,0
DA:345,0
DA:346,0
DA:348,0
DA:351,0
DA:362,0
DA:364,0
DA:365,0
DA:368,0
DA:370,0
DA:372,0
DA:373,0
DA:374,0
DA:375,0
DA:378,0
DA:382,0
DA:385,0
DA:386,0
DA:387,0
DA:388,0
DA:391,0
DA:394,0
DA:397,0
DA:403,0
LF:127
LH:0
BRDA:17,0,0,0
BRDA:17,0,1,0
BRDA:18,1,0,0
BRDA:18,1,1,0
BRDA:20,2,0,0
BRDA:20,2,1,0
BRDA:21,3,0,0
BRDA:21,3,1,0
BRDA:58,4,0,0
BRDA:58,4,1,0
BRDA:58,5,0,0
BRDA:58,5,1,0
BRDA:61,6,0,0
BRDA:61,6,1,0
BRDA:64,7,0,0
BRDA:64,7,1,0
BRDA:71,8,0,0
BRDA:71,8,1,0
BRDA:108,9,0,0
BRDA:108,9,1,0
BRDA:128,10,0,0
BRDA:128,10,1,0
BRDA:130,11,0,0
BRDA:130,11,1,0
BRDA:150,12,0,0
BRDA:152,13,0,0
BRDA:152,13,1,0
BRDA:154,14,0,0
BRDA:154,14,1,0
BRDA:171,15,0,0
BRDA:171,15,1,0
BRDA:188,16,0,0
BRDA:188,16,1,0
BRDA:205,17,0,0
BRDA:205,17,1,0
BRDA:209,18,0,0
BRDA:209,18,1,0
BRDA:214,19,0,0
BRDA:214,19,1,0
BRDA:230,20,0,0
BRDA:233,21,0,0
BRDA:233,21,1,0
BRDA:249,22,0,0
BRDA:249,22,1,0
BRDA:265,23,0,0
BRDA:265,23,1,0
BRDA:285,24,0,0
BRDA:327,25,0,0
BRDA:336,26,0,0
BRDA:336,26,1,0
BRDA:361,27,0,0
BRDA:364,28,0,0
BRDA:364,28,1,0
BRDA:368,29,0,0
BRDA:368,29,1,0
BRDA:373,30,0,0
BRDA:373,30,1,0
BRF:57
BRH:0
end_of_record
TN:
SF:database/mongodb-config.js
FN:38,(anonymous_0)
FN:47,(anonymous_1)
FN:71,(anonymous_2)
FN:88,(anonymous_3)
FN:96,(anonymous_4)
FN:119,(anonymous_5)
FN:268,createIndexes
FN:311,migrateData
FN:330,clearDatabase
FNF:9
FNH:0
FNDA:0,(anonymous_0)
FNDA:0,(anonymous_1)
FNDA:0,(anonymous_2)
FNDA:0,(anonymous_3)
FNDA:0,(anonymous_4)
FNDA:0,(anonymous_5)
FNDA:0,createIndexes
FNDA:0,migrateData
FNDA:0,clearDatabase
DA:11,0
DA:14,0
DA:23,0
DA:39,0
DA:40,0
DA:48,0
DA:49,0
DA:50,0
DA:51,0
DA:53,0
DA:54,0
DA:56,0
DA:57,0
DA:58,0
DA:60,0
DA:62,0
DA:63,0
DA:72,0
DA:73,0
DA:74,0
DA:75,0
DA:76,0
DA:79,0
DA:80,0
DA:89,0
DA:97,0
DA:98,0
DA:99,0
DA:100,0
DA:110,0
DA:111,0
DA:120,0
DA:121,0
DA:122,0
DA:123,0
DA:125,0
DA:126,0
DA:134,0
DA:168,0
DA:193,0
DA:212,0
DA:239,0
DA:260,0
DA:261,0
DA:262,0
DA:263,0
DA:264,0
DA:269,0
DA:271,0
DA:272,0
DA:273,0
DA:276,0
DA:277,0
DA:278,0
DA:279,0
DA:282,0
DA:283,0
DA:284,0
DA:287,0
DA:288,0
DA:289,0
DA:290,0
DA:293,0
DA:294,0
DA:295,0
DA:297,0
DA:299,0
DA:312,0
DA:313,0
DA:314,0
DA:317,0
DA:318,0
DA:319,0
DA:321,0
DA:322,0
DA:331,0
DA:332,0
DA:339,0
DA:341,0
DA:347,0
LF:80
LH:0
BRDA:15,0,0,0
BRDA:15,0,1,0
BRDA:16,1,0,0
BRDA:16,1,1,0
BRDA:17,2,0,0
BRDA:17,2,1,0
BRDA:73,3,0,0
BRDA:73,3,1,0
BRDA:89,4,0,0
BRDA:89,4,1,0
BRDA:313,5,0,0
BRDA:313,5,1,0
BRDA:313,6,0,0
BRDA:313,6,1,0
BRF:14
BRH:0
end_of_record
TN:
SF:middleware/auth.js
FN:5,(anonymous_0)
FN:28,(anonymous_1)
FN:40,(anonymous_2)
FNF:3
FNH:0
FNDA:0,(anonymous_0)
FNDA:0,(anonymous_1)
FNDA:0,(anonymous_2)
DA:1,0
DA:2,0
DA:5,0
DA:6,0
DA:8,0
DA:9,0
DA:15,0
DA:16,0
DA:17,0
DA:18,0
DA:20,0
DA:28,0
DA:29,0
DA:30,0
DA:32,0
DA:40,0
DA:41,0
DA:44,0
LF:18
LH:0
BRDA:8,0,0,0
BRDA:8,0,1,0
BRDA:29,1,0,0
BRDA:29,1,1,0
BRDA:29,2,0,0
BRDA:29,2,1,0
BRDA:41,3,0,0
BRDA:41,3,1,0
BRF:8
BRH:0
end_of_record
TN:
SF:middleware/errorHandler.js
FN:2,(anonymous_0)
FN:25,(anonymous_1)
FN:26,(anonymous_2)
FN:40,(anonymous_3)
FN:40,(anonymous_4)
FNF:5
FNH:0
FNDA:0,(anonymous_0)
FNDA:0,(anonymous_1)
FNDA:0,(anonymous_2)
FNDA:0,(anonymous_3)
FNDA:0,(anonymous_4)
DA:2,0
DA:3,0
DA:4,0
DA:7,0
DA:8,0
DA:17,0
DA:25,0
DA:26,0
DA:27,0
DA:28,0
DA:29,0
DA:34,0
DA:35,0
DA:40,0
DA:41,0
DA:44,0
LF:16
LH:0
BRDA:3,0,0,0
BRDA:3,0,1,0
BRDA:4,1,0,0
BRDA:4,1,1,0
BRDA:7,2,0,0
BRDA:7,2,1,0
BRDA:20,3,0,0
BRDA:20,3,1,0
BRDA:28,4,0,0
BRDA:28,4,1,0
BRF:10
BRH:0
end_of_record
TN:
SF:middleware/rateLimiter.js
FN:10,(anonymous_0)
FNF:1
FNH:0
FNDA:0,(anonymous_0)
DA:1,0
DA:4,0
DA:12,0
DA:17,0
DA:25,0
DA:31,0
LF:6
LH:0
BRF:0
BRH:0
end_of_record
TN:
SF:monitoring/monitoring-config.js
FN:20,(anonymous_0)
FN:39,(anonymous_1)
FN:63,(anonymous_2)
FN:67,(anonymous_3)
FN:71,(anonymous_4)
FN:75,(anonymous_5)
FN:83,(anonymous_6)
FN:96,(anonymous_7)
FN:105,(anonymous_8)
FN:148,(anonymous_9)
FN:159,(anonymous_10)
FN:160,(anonymous_11)
FN:172,(anonymous_12)
FN:189,(anonymous_13)
FN:215,(anonymous_14)
FN:228,(anonymous_15)
FN:231,(anonymous_16)
FN:235,(anonymous_17)
FN:244,(anonymous_18)
FN:257,(anonymous_19)
FN:271,(anonymous_20)
FN:280,(anonymous_21)
FN:311,(anonymous_22)
FN:324,(anonymous_23)
FN:336,(anonymous_24)
FN:338,(anonymous_25)
FN:356,createMonitoringMiddleware
FN:357,(anonymous_27)
FN:362,(anonymous_28)
FN:376,(anonymous_29)
FNF:30
FNH:0
FNDA:0,(anonymous_0)
FNDA:0,(anonymous_1)
FNDA:0,(anonymous_2)
FNDA:0,(anonymous_3)
FNDA:0,(anonymous_4)
FNDA:0,(anonymous_5)
FNDA:0,(anonymous_6)
FNDA:0,(anonymous_7)
FNDA:0,(anonymous_8)
FNDA:0,(anonymous_9)
FNDA:0,(anonymous_10)
FNDA:0,(anonymous_11)
FNDA:0,(anonymous_12)
FNDA:0,(anonymous_13)
FNDA:0,(anonymous_14)
FNDA:0,(anonymous_15)
FNDA:0,(anonymous_16)
FNDA:0,(anonymous_17)
FNDA:0,(anonymous_18)
FNDA:0,(anonymous_19)
FNDA:0,(anonymous_20)
FNDA:0,(anonymous_21)
FNDA:0,(anonymous_22)
FNDA:0,(anonymous_23)
FNDA:0,(anonymous_24)
FNDA:0,(anonymous_25)
FNDA:0,createMonitoringMiddleware
FNDA:0,(anonymous_27)
FNDA:0,(anonymous_28)
FNDA:0,(anonymous_29)
DA:14,0
DA:15,0
DA:21,0
DA:22,0
DA:23,0
DA:25,0
DA:26,0
DA:27,0
DA:28,0
DA:40,0
DA:41,0
DA:44,0
DA:45,0
DA:52,0
DA:55,0
DA:58,0
DA:59,0
DA:64,0
DA:68,0
DA:72,0
DA:76,0
DA:84,0
DA:85,0
DA:86,0
DA:87,0
DA:88,0
DA:97,0
DA:98,0
DA:106,0
DA:107,0
DA:109,0
DA:110,0
DA:111,0
DA:112,0
DA:113,0
DA:115,0
DA:121,0
DA:122,0
DA:125,0
DA:126,0
DA:134,0
DA:135,0
DA:137,0
DA:149,0
DA:160,0
DA:161,0
DA:162,0
DA:165,0
DA:173,0
DA:174,0
DA:180,0
DA:190,0
DA:193,0
DA:194,0
DA:197,0
DA:198,0
DA:201,0
DA:202,0
DA:203,0
DA:207,0
DA:216,0
DA:217,0
DA:219,0
DA:229,0
DA:231,0
DA:232,0
DA:234,0
DA:235,0
DA:236,0
DA:237,0
DA:245,0
DA:258,0
DA:264,0
DA:272,0
DA:273,0
DA:274,0
DA:281,0
DA:282,0
DA:284,0
DA:285,0
DA:286,0
DA:289,0
DA:291,0
DA:298,0
DA:299,0
DA:300,0
DA:302,0
DA:312,0
DA:313,0
DA:316,0
DA:325,0
DA:326,0
DA:329,0
DA:337,0
DA:338,0
DA:341,0
DA:357,0
DA:358,0
DA:361,0
DA:362,0
DA:363,0
DA:364,0
DA:366,0
DA:372,0
DA:376,0
DA:377,0
DA:380,0
DA:386,0
LF:108
LH:0
BRDA:20,0,0,0
BRDA:22,1,0,0
BRDA:22,1,1,0
BRDA:25,2,0,0
BRDA:25,2,1,0
BRDA:27,3,0,0
BRDA:27,3,1,0
BRDA:39,4,0,0
BRDA:40,5,0,0
BRDA:40,5,1,0
BRDA:58,6,0,0
BRDA:58,6,1,0
BRDA:86,7,0,0
BRDA:86,7,1,0
BRDA:116,8,0,0
BRDA:116,8,1,0
BRDA:121,9,0,0
BRDA:121,9,1,0
BRDA:135,10,0,0
BRDA:135,10,1,0
BRDA:194,11,0,0
BRDA:194,11,1,0
BRDA:198,12,0,0
BRDA:198,12,1,0
BRDA:202,13,0,0
BRDA:202,13,1,0
BRDA:217,14,0,0
BRDA:217,14,1,0
BRDA:229,15,0,0
BRDA:229,15,1,0
BRDA:284,16,0,0
BRDA:284,16,1,0
BRDA:293,17,0,0
BRDA:293,17,1,0
BRDA:294,18,0,0
BRDA:294,18,1,0
BRDA:311,19,0,0
BRDA:312,20,0,0
BRDA:312,20,1,0
BRDA:324,21,0,0
BRDA:325,22,0,0
BRDA:325,22,1,0
BRDA:337,23,0,0
BRDA:337,23,1,0
BRDA:377,24,0,0
BRDA:377,24,1,0
BRF:46
BRH:0
end_of_record
TN:
SF:security/ssl-config.js
FN:22,(anonymous_0)
FN:32,(anonymous_1)
FN:78,(anonymous_2)
FN:102,applySecurityHeaders
FN:135,(anonymous_4)
FN:169,httpsRedirect
FN:170,(anonymous_6)
FN:185,getCorsConfig
FN:189,(anonymous_8)
FN:210,generateSelfSignedCert
FN:248,validateCertificateExpiry
FN:255,(anonymous_11)
FNF:12
FNH:0
FNDA:0,(anonymous_0)
FNDA:0,(anonymous_1)
FNDA:0,(anonymous_2)
FNDA:0,applySecurityHeaders
FNDA:0,(anonymous_4)
FNDA:0,httpsRedirect
FNDA:0,(anonymous_6)
FNDA:0,getCorsConfig
FNDA:0,(anonymous_8)
FNDA:0,generateSelfSignedCert
FNDA:0,validateCertificateExpiry
FNDA:0,(anonymous_11)
DA:14,0
DA:15,0
DA:16,0
DA:17,0
DA:23,0
DA:24,0
DA:25,0
DA:33,0
DA:34,0
DA:35,0
DA:38,0
DA:39,0
DA:40,0
DA:41,0
DA:43,0
DA:44,0
DA:47,0
DA:48,0
DA:51,0
DA:52,0
DA:55,0
DA:60,0
DA:61,0
DA:64,0
DA:65,0
DA:67,0
DA:68,0
DA:79,0
DA:80,0
DA:82,0
DA:83,0
DA:86,0
DA:87,0
DA:88,0
DA:90,0
DA:91,0
DA:104,0
DA:135,0
DA:137,0
DA:140,0
DA:143,0
DA:146,0
DA:149,0
DA:155,0
DA:157,0
DA:160,0
DA:170,0
DA:171,0
DA:172,0
DA:174,0
DA:186,0
DA:188,0
DA:190,0
DA:191,0
DA:193,0
DA:211,0
DA:213,0
DA:214,0
DA:215,0
DA:218,0
DA:219,0
DA:221,0
DA:222,0
DA:223,0
DA:226,0
DA:229,0
DA:231,0
DA:233,0
DA:234,0
DA:236,0
DA:237,0
DA:249,0
DA:250,0
DA:252,0
DA:254,0
DA:255,0
DA:257,0
DA:258,0
DA:261,0
DA:262,0
DA:263,0
DA:265,0
DA:266,0
DA:268,0
DA:269,0
DA:272,0
DA:274,0
DA:275,0
DA:281,0
LF:89
LH:0
BRDA:24,0,0,0
BRDA:24,0,1,0
BRDA:33,1,0,0
BRDA:33,1,1,0
BRDA:43,2,0,0
BRDA:43,2,1,0
BRDA:43,3,0,0
BRDA:43,3,1,0
BRDA:47,4,0,0
BRDA:47,4,1,0
BRDA:51,5,0,0
BRDA:51,5,1,0
BRDA:60,6,0,0
BRDA:60,6,1,0
BRDA:60,7,0,0
BRDA:60,7,1,0
BRDA:78,8,0,0
BRDA:82,9,0,0
BRDA:82,9,1,0
BRDA:119,10,0,0
BRDA:119,10,1,0
BRDA:171,11,0,0
BRDA:171,11,1,0
BRDA:171,12,0,0
BRDA:171,12,1,0
BRDA:186,13,0,0
BRDA:186,13,1,0
BRDA:190,14,0,0
BRDA:190,14,1,0
BRDA:190,15,0,0
BRDA:190,15,1,0
BRDA:210,16,0,0
BRDA:214,17,0,0
BRDA:214,17,1,0
BRDA:221,18,0,0
BRDA:221,18,1,0
BRDA:221,19,0,0
BRDA:221,19,1,0
BRDA:257,20,0,0
BRDA:257,20,1,0
BRDA:268,21,0,0
BRDA:268,21,1,0
BRF:42
BRH:0
end_of_record
TN:
SF:services/email-service.js
FN:23,(anonymous_0)
FN:33,(anonymous_1)
FN:42,(anonymous_2)
FN:52,(anonymous_3)
FN:75,(anonymous_4)
FN:86,(anonymous_5)
FN:96,(anonymous_6)
FN:121,(anonymous_7)
FN:136,(anonymous_8)
FN:156,(anonymous_9)
FN:184,(anonymous_10)
FN:240,(anonymous_11)
FN:252,(anonymous_12)
FN:265,(anonymous_13)
FN:280,(anonymous_14)
FN:294,(anonymous_15)
FN:305,(anonymous_16)
FN:306,(anonymous_17)
FN:307,(anonymous_18)
FN:320,(anonymous_19)
FNF:20
FNH:0
FNDA:0,(anonymous_0)
FNDA:0,(anonymous_1)
FNDA:0,(anonymous_2)
FNDA:0,(anonymous_3)
FNDA:0,(anonymous_4)
FNDA:0,(anonymous_5)
FNDA:0,(anonymous_6)
FNDA:0,(anonymous_7)
FNDA:0,(anonymous_8)
FNDA:0,(anonymous_9)
FNDA:0,(anonymous_10)
FNDA:0,(anonymous_11)
FNDA:0,(anonymous_12)
FNDA:0,(anonymous_13)
FNDA:0,(anonymous_14)
FNDA:0,(anonymous_15)
FNDA:0,(anonymous_16)
FNDA:0,(anonymous_17)
FNDA:0,(anonymous_18)
FNDA:0,(anonymous_19)
DA:20,0
DA:23,0
DA:33,0
DA:42,0
DA:52,0
DA:75,0
DA:87,0
DA:88,0
DA:89,0
DA:97,0
DA:98,0
DA:100,0
DA:101,0
DA:102,0
DA:103,0
DA:104,0
DA:105,0
DA:107,0
DA:110,0
DA:111,0
DA:113,0
DA:114,0
DA:122,0
DA:123,0
DA:125,0
DA:126,0
DA:129,0
DA:130,0
DA:137,0
DA:139,0
DA:145,0
DA:146,0
DA:149,0
DA:150,0
DA:157,0
DA:159,0
DA:169,0
DA:170,0
DA:173,0
DA:185,0
DA:186,0
DA:189,0
DA:190,0
DA:192,0
DA:195,0
DA:196,0
DA:203,0
DA:204,0
DA:215,0
DA:216,0
DA:225,0
DA:226,0
DA:228,0
DA:229,0
DA:241,0
DA:242,0
DA:243,0
DA:253,0
DA:254,0
DA:255,0
DA:266,0
DA:267,0
DA:268,0
DA:281,0
DA:282,0
DA:283,0
DA:295,0
DA:296,0
DA:297,0
DA:306,0
DA:307,0
DA:313,0
DA:321,0
DA:322,0
DA:323,0
DA:324,0
DA:325,0
DA:327,0
DA:328,0
DA:330,0
DA:331,0
DA:338,0
LF:82
LH:0
BRDA:78,0,0,0
BRDA:78,0,1,0
BRDA:86,1,0,0
BRDA:86,2,0,0
BRDA:86,2,1,0
BRDA:100,3,0,0
BRDA:100,3,1,0
BRDA:102,4,0,0
BRDA:102,4,1,0
BRDA:104,5,0,0
BRDA:104,5,1,0
BRDA:125,6,0,0
BRDA:125,6,1,0
BRDA:142,7,0,0
BRDA:142,7,1,0
BRDA:145,8,0,0
BRDA:145,8,1,0
BRDA:145,9,0,0
BRDA:145,9,1,0
BRDA:161,10,0,0
BRDA:161,10,1,0
BRDA:169,11,0,0
BRDA:169,11,1,0
BRDA:169,12,0,0
BRDA:169,12,1,0
BRDA:184,13,0,0
BRDA:185,14,0,0
BRDA:185,14,1,0
BRDA:189,15,0,0
BRDA:189,15,1,0
BRDA:190,16,0,0
BRDA:190,16,1,0
BRDA:195,17,0,0
BRDA:195,17,1,0
BRDA:203,18,0,0
BRDA:203,18,1,0
BRDA:215,19,0,0
BRDA:215,19,1,0
BRDA:294,20,0,0
BRDA:322,21,0,0
BRDA:322,21,1,0
BRDA:322,22,0,0
BRDA:322,22,1,0
BRF:43
BRH:0
end_of_record
TN:
SF:services/storage-service.js
FN:49,(anonymous_0)
FN:61,(anonymous_1)
FN:86,(anonymous_2)
FN:111,(anonymous_3)
FN:134,(anonymous_4)
FN:151,(anonymous_5)
FN:184,(anonymous_6)
FN:211,(anonymous_7)
FN:236,(anonymous_8)
FN:262,(anonymous_9)
FN:292,(anonymous_10)
FN:317,(anonymous_11)
FN:332,(anonymous_12)
FNF:13
FNH:0
FNDA:0,(anonymous_0)
FNDA:0,(anonymous_1)
FNDA:0,(anonymous_2)
FNDA:0,(anonymous_3)
FNDA:0,(anonymous_4)
FNDA:0,(anonymous_5)
FNDA:0,(anonymous_6)
FNDA:0,(anonymous_7)
FNDA:0,(anonymous_8)
FNDA:0,(anonymous_9)
FNDA:0,(anonymous_10)
FNDA:0,(anonymous_11)
FNDA:0,(anonymous_12)
DA:19,0
DA:20,0
DA:23,0
DA:50,0
DA:51,0
DA:52,0
DA:53,0
DA:54,0
DA:62,0
DA:63,0
DA:65,0
DA:66,0
DA:67,0
DA:68,0
DA:69,0
DA:70,0
DA:72,0
DA:75,0
DA:76,0
DA:78,0
DA:79,0
DA:87,0
DA:89,0
DA:95,0
DA:96,0
DA:99,0
DA:100,0
DA:101,0
DA:103,0
DA:104,0
DA:112,0
DA:114,0
DA:119,0
DA:120,0
DA:123,0
DA:124,0
DA:126,0
DA:127,0
DA:135,0
DA:137,0
DA:138,0
DA:139,0
DA:142,0
DA:152,0
DA:154,0
DA:155,0
DA:158,0
DA:160,0
DA:161,0
DA:167,0
DA:168,0
DA:174,0
DA:185,0
DA:186,0
DA:189,0
DA:192,0
DA:193,0
DA:194,0
DA:195,0
DA:196,0
DA:197,0
DA:200,0
DA:201,0
DA:203,0
DA:204,0
DA:212,0
DA:214,0
DA:223,0
DA:225,0
DA:237,0
DA:238,0
DA:239,0
DA:241,0
DA:249,0
DA:251,0
DA:263,0
DA:265,0
DA:266,0
DA:269,0
DA:270,0
DA:272,0
DA:274,0
DA:278,0
DA:293,0
DA:294,0
DA:295,0
DA:296,0
DA:297,0
DA:298,0
DA:299,0
DA:300,0
DA:301,0
DA:305,0
DA:307,0
DA:308,0
DA:318,0
DA:319,0
DA:320,0
DA:321,0
DA:322,0
DA:323,0
DA:333,0
DA:334,0
DA:335,0
DA:338,0
DA:339,0
DA:340,0
DA:341,0
DA:342,0
DA:343,0
DA:344,0
DA:345,0
DA:347,0
DA:350,0
DA:351,0
DA:358,0
LF:116
LH:0
BRDA:49,0,0,0
BRDA:49,1,0,0
BRDA:49,1,1,0
BRDA:53,2,0,0
BRDA:53,2,1,0
BRDA:54,3,0,0
BRDA:54,3,1,0
BRDA:65,4,0,0
BRDA:65,4,1,0
BRDA:67,5,0,0
BRDA:67,5,1,0
BRDA:69,6,0,0
BRDA:69,6,1,0
BRDA:92,7,0,0
BRDA:92,7,1,0
BRDA:95,8,0,0
BRDA:95,8,1,0
BRDA:95,9,0,0
BRDA:95,9,1,0
BRDA:103,10,0,0
BRDA:103,10,1,0
BRDA:119,11,0,0
BRDA:119,11,1,0
BRDA:126,12,0,0
BRDA:126,12,1,0
BRDA:135,13,0,0
BRDA:135,13,1,0
BRDA:137,14,0,0
BRDA:137,14,1,0
BRDA:154,15,0,0
BRDA:154,15,1,0
BRDA:160,16,0,0
BRDA:160,16,1,0
BRDA:167,17,0,0
BRDA:167,17,1,0
BRDA:184,18,0,0
BRDA:185,19,0,0
BRDA:185,19,1,0
BRDA:192,20,0,0
BRDA:192,20,1,0
BRDA:194,21,0,0
BRDA:194,21,1,0
BRDA:196,22,0,0
BRDA:196,22,1,0
BRDA:211,23,0,0
BRDA:236,24,0,0
BRDA:262,25,0,0
BRDA:265,26,0,0
BRDA:265,26,1,0
BRDA:274,27,0,0
BRDA:274,27,1,0
BRDA:294,28,0,0
BRDA:294,28,1,0
BRDA:296,29,0,0
BRDA:296,29,1,0
BRDA:298,30,0,0
BRDA:298,30,1,0
BRDA:300,31,0,0
BRDA:300,31,1,0
BRDA:318,32,0,0
BRDA:318,32,1,0
BRDA:320,33,0,0
BRDA:320,33,1,0
BRDA:322,34,0,0
BRDA:322,34,1,0
BRDA:323,35,0,0
BRDA:323,35,1,0
BRDA:334,36,0,0
BRDA:334,36,1,0
BRDA:338,37,0,0
BRDA:338,37,1,0
BRDA:339,38,0,0
BRDA:339,38,1,0
BRDA:342,39,0,0
BRDA:342,39,1,0
BRDA:344,40,0,0
BRDA:344,40,1,0
BRF:77
BRH:0
end_of_record
TN:
SF:utils/helpers.js
FN:6,hashPassword
FN:12,verifyPassword
FN:17,generateToken
FN:30,verifyToken
FN:39,generateId
FN:44,generateOTP
FN:49,isValidEmail
FN:55,isValidPhone
FN:61,sanitizeUser
FN:67,paginate
FNF:10
FNH:0
FNDA:0,hashPassword
FNDA:0,verifyPassword
FNDA:0,generateToken
FNDA:0,verifyToken
FNDA:0,generateId
FNDA:0,generateOTP
FNDA:0,isValidEmail
FNDA:0,isValidPhone
FNDA:0,sanitizeUser
FNDA:0,paginate
DA:1,0
DA:2,0
DA:3,0
DA:7,0
DA:8,0
DA:13,0
DA:18,0
DA:31,0
DA:32,0
DA:34,0
DA:40,0
DA:45,0
DA:50,0
DA:51,0
DA:56,0
DA:57,0
DA:62,0
DA:63,0
DA:68,0
DA:69,0
DA:80,0
LF:21
LH:0
BRDA:17,0,0,0
BRDA:67,1,0,0
BRDA:67,2,0,0
BRF:3
BRH:0
end_of_record
